2026-05-15 20:56:01 [DEBUG][com.zaxxer.hikari.pool.HikariPool][logPoolState][421]-> HikariCPDatasource - Before cleanup stats (total=6, active=1, idle=5, waiting=0)
2026-05-15 20:56:01 [DEBUG][com.zaxxer.hikari.pool.HikariPool][logPoolState][421]-> HikariCPDatasource - After cleanup  stats (total=6, active=1, idle=5, waiting=0)
2026-05-15 20:56:01 [DEBUG][com.zaxxer.hikari.pool.HikariPool][fillPool][518]-> HikariCPDatasource - Fill pool skipped, pool is at sufficient level.
2026-05-15 20:56:31 [DEBUG][com.zaxxer.hikari.pool.HikariPool][logPoolState][421]-> HikariCPDatasource - Before cleanup stats (total=6, active=1, idle=5, waiting=0)
2026-05-15 20:56:31 [DEBUG][com.zaxxer.hikari.pool.HikariPool][logPoolState][421]-> HikariCPDatasource - After cleanup  stats (total=6, active=1, idle=5, waiting=0)
2026-05-15 20:56:31 [DEBUG][com.zaxxer.hikari.pool.HikariPool][fillPool][518]-> HikariCPDatasource - Fill pool skipped, pool is at sufficient level.
2026-05-15 20:57:00 [DEBUG][org.mybatis.spring.SqlSessionUtils][getSqlSession][97]-> Creating a new SqlSession
2026-05-15 20:57:00 [DEBUG][org.mybatis.spring.SqlSessionUtils][registerSessionHolder][148]-> SqlSession [org.apache.ibatis.session.defaults.DefaultSqlSession@64a911b2] was not registered for synchronization because synchronization is not active
2026-05-15 20:57:00 [DEBUG][org.springframework.jdbc.datasource.DataSourceUtils][doGetConnection][116]-> Fetching JDBC Connection from DataSource
2026-05-15 20:57:00 [DEBUG][org.mybatis.spring.transaction.SpringManagedTransaction][openConnection][87]-> JDBC Connection [HikariProxyConnection@2014745877 wrapping com.mysql.cj.jdbc.ConnectionImpl@3f8aa3fc] will not be managed by Spring
2026-05-15 20:57:00 [DEBUG][com.easypan.mappers.FileInfoMapper.selectList][debug][159]-> ==>  Preparing: SELECT file_id ,user_id,file_md5,file_pid,file_size, file_name,file_cover,file_path,create_time,last_update_time, folder_type,file_category,file_type,status,recovery_time, del_flag FROM file_info f WHERE del_flag = ? and recovery_time< date_sub(now(),interval 10 day) 
2026-05-15 20:57:00 [DEBUG][com.easypan.mappers.FileInfoMapper.selectList][debug][159]-> ==> Parameters: 1(Integer)
2026-05-15 20:57:00 [DEBUG][com.easypan.mappers.FileInfoMapper.selectList][debug][159]-> <==      Total: 0
2026-05-15 20:57:00 [DEBUG][org.mybatis.spring.SqlSessionUtils][closeSqlSession][191]-> Closing non transactional SqlSession [org.apache.ibatis.session.defaults.DefaultSqlSession@64a911b2]
2026-05-15 20:57:02 [DEBUG][com.zaxxer.hikari.pool.HikariPool][logPoolState][421]-> HikariCPDatasource - Before cleanup stats (total=6, active=1, idle=5, waiting=0)
2026-05-15 20:57:02 [DEBUG][com.zaxxer.hikari.pool.HikariPool][logPoolState][421]-> HikariCPDatasource - After cleanup  stats (total=6, active=1, idle=5, waiting=0)
2026-05-15 20:57:02 [DEBUG][com.zaxxer.hikari.pool.HikariPool][fillPool][518]-> HikariCPDatasource - Fill pool skipped, pool is at sufficient level.
2026-05-15 20:57:32 [DEBUG][com.zaxxer.hikari.pool.HikariPool][logPoolState][421]-> HikariCPDatasource - Before cleanup stats (total=6, active=1, idle=5, waiting=0)
2026-05-15 20:57:32 [DEBUG][com.zaxxer.hikari.pool.HikariPool][logPoolState][421]-> HikariCPDatasource - After cleanup  stats (total=6, active=1, idle=5, waiting=0)
2026-05-15 20:57:32 [DEBUG][com.zaxxer.hikari.pool.HikariPool][fillPool][518]-> HikariCPDatasource - Fill pool skipped, pool is at sufficient level.
2026-05-15 20:58:02 [DEBUG][com.zaxxer.hikari.pool.HikariPool][logPoolState][421]-> HikariCPDatasource - Before cleanup stats (total=6, active=1, idle=5, waiting=0)
2026-05-15 20:58:02 [DEBUG][com.zaxxer.hikari.pool.HikariPool][logPoolState][421]-> HikariCPDatasource - After cleanup  stats (total=6, active=1, idle=5, waiting=0)
2026-05-15 20:58:02 [DEBUG][com.zaxxer.hikari.pool.HikariPool][fillPool][518]-> HikariCPDatasource - Fill pool skipped, pool is at sufficient level.
2026-05-15 20:58:32 [DEBUG][com.zaxxer.hikari.pool.HikariPool][logPoolState][421]-> HikariCPDatasource - Before cleanup stats (total=6, active=1, idle=5, waiting=0)
2026-05-15 20:58:32 [DEBUG][com.zaxxer.hikari.pool.HikariPool][logPoolState][421]-> HikariCPDatasource - After cleanup  stats (total=6, active=1, idle=5, waiting=0)
2026-05-15 20:58:32 [DEBUG][com.zaxxer.hikari.pool.HikariPool][fillPool][518]-> HikariCPDatasource - Fill pool skipped, pool is at sufficient level.
2026-05-15 20:59:02 [DEBUG][com.zaxxer.hikari.pool.HikariPool][logPoolState][421]-> HikariCPDatasource - Before cleanup stats (total=6, active=1, idle=5, waiting=0)
2026-05-15 20:59:02 [DEBUG][com.zaxxer.hikari.pool.HikariPool][logPoolState][421]-> HikariCPDatasource - After cleanup  stats (total=6, active=1, idle=5, waiting=0)
2026-05-15 20:59:02 [DEBUG][com.zaxxer.hikari.pool.HikariPool][fillPool][518]-> HikariCPDatasource - Fill pool skipped, pool is at sufficient level.
2026-05-15 20:59:32 [DEBUG][com.zaxxer.hikari.pool.HikariPool][logPoolState][421]-> HikariCPDatasource - Before cleanup stats (total=6, active=1, idle=5, waiting=0)
2026-05-15 20:59:32 [DEBUG][com.zaxxer.hikari.pool.HikariPool][logPoolState][421]-> HikariCPDatasource - After cleanup  stats (total=6, active=1, idle=5, waiting=0)
2026-05-15 20:59:32 [DEBUG][com.zaxxer.hikari.pool.HikariPool][fillPool][518]-> HikariCPDatasource - Fill pool skipped, pool is at sufficient level.
2026-05-15 21:00:00 [DEBUG][org.mybatis.spring.SqlSessionUtils][getSqlSession][97]-> Creating a new SqlSession
2026-05-15 21:00:00 [DEBUG][org.mybatis.spring.SqlSessionUtils][registerSessionHolder][148]-> SqlSession [org.apache.ibatis.session.defaults.DefaultSqlSession@24ed7b44] was not registered for synchronization because synchronization is not active
2026-05-15 21:00:00 [DEBUG][org.springframework.jdbc.datasource.DataSourceUtils][doGetConnection][116]-> Fetching JDBC Connection from DataSource
2026-05-15 21:00:00 [DEBUG][org.mybatis.spring.transaction.SpringManagedTransaction][openConnection][87]-> JDBC Connection [HikariProxyConnection@1168713118 wrapping com.mysql.cj.jdbc.ConnectionImpl@3f8aa3fc] will not be managed by Spring
2026-05-15 21:00:00 [DEBUG][com.easypan.mappers.FileInfoMapper.selectList][debug][159]-> ==>  Preparing: SELECT file_id ,user_id,file_md5,file_pid,file_size, file_name,file_cover,file_path,create_time,last_update_time, folder_type,file_category,file_type,status,recovery_time, del_flag FROM file_info f WHERE del_flag = ? and recovery_time< date_sub(now(),interval 10 day) 
2026-05-15 21:00:00 [DEBUG][com.easypan.mappers.FileInfoMapper.selectList][debug][159]-> ==> Parameters: 1(Integer)
2026-05-15 21:00:00 [DEBUG][com.easypan.mappers.FileInfoMapper.selectList][debug][159]-> <==      Total: 0
2026-05-15 21:00:00 [DEBUG][org.mybatis.spring.SqlSessionUtils][closeSqlSession][191]-> Closing non transactional SqlSession [org.apache.ibatis.session.defaults.DefaultSqlSession@24ed7b44]
2026-05-15 21:00:02 [DEBUG][com.zaxxer.hikari.pool.HikariPool][logPoolState][421]-> HikariCPDatasource - Before cleanup stats (total=6, active=1, idle=5, waiting=0)
2026-05-15 21:00:02 [DEBUG][com.zaxxer.hikari.pool.HikariPool][logPoolState][421]-> HikariCPDatasource - After cleanup  stats (total=6, active=1, idle=5, waiting=0)
2026-05-15 21:00:02 [DEBUG][com.zaxxer.hikari.pool.HikariPool][fillPool][518]-> HikariCPDatasource - Fill pool skipped, pool is at sufficient level.
2026-05-15 21:00:32 [DEBUG][com.zaxxer.hikari.pool.HikariPool][logPoolState][421]-> HikariCPDatasource - Before cleanup stats (total=6, active=1, idle=5, waiting=0)
2026-05-15 21:00:32 [DEBUG][com.zaxxer.hikari.pool.HikariPool][logPoolState][421]-> HikariCPDatasource - After cleanup  stats (total=6, active=1, idle=5, waiting=0)
2026-05-15 21:00:32 [DEBUG][com.zaxxer.hikari.pool.HikariPool][fillPool][518]-> HikariCPDatasource - Fill pool skipped, pool is at sufficient level.
2026-05-15 21:01:02 [DEBUG][com.zaxxer.hikari.pool.HikariPool][logPoolState][421]-> HikariCPDatasource - Before cleanup stats (total=6, active=1, idle=5, waiting=0)
2026-05-15 21:01:02 [DEBUG][com.zaxxer.hikari.pool.HikariPool][logPoolState][421]-> HikariCPDatasource - After cleanup  stats (total=6, active=1, idle=5, waiting=0)
2026-05-15 21:01:02 [DEBUG][com.zaxxer.hikari.pool.HikariPool][fillPool][518]-> HikariCPDatasource - Fill pool skipped, pool is at sufficient level.
2026-05-15 21:01:32 [DEBUG][com.zaxxer.hikari.pool.HikariPool][logPoolState][421]-> HikariCPDatasource - Before cleanup stats (total=6, active=1, idle=5, waiting=0)
2026-05-15 21:01:32 [DEBUG][com.zaxxer.hikari.pool.HikariPool][logPoolState][421]-> HikariCPDatasource - After cleanup  stats (total=6, active=1, idle=5, waiting=0)
2026-05-15 21:01:32 [DEBUG][com.zaxxer.hikari.pool.HikariPool][fillPool][518]-> HikariCPDatasource - Fill pool skipped, pool is at sufficient level.
2026-05-15 21:02:02 [DEBUG][com.zaxxer.hikari.pool.HikariPool][logPoolState][421]-> HikariCPDatasource - Before cleanup stats (total=6, active=1, idle=5, waiting=0)
2026-05-15 21:02:02 [DEBUG][com.zaxxer.hikari.pool.HikariPool][logPoolState][421]-> HikariCPDatasource - After cleanup  stats (total=6, active=1, idle=5, waiting=0)
2026-05-15 21:02:02 [DEBUG][com.zaxxer.hikari.pool.HikariPool][fillPool][518]-> HikariCPDatasource - Fill pool skipped, pool is at sufficient level.
2026-05-15 21:02:32 [DEBUG][com.zaxxer.hikari.pool.HikariPool][logPoolState][421]-> HikariCPDatasource - Before cleanup stats (total=6, active=1, idle=5, waiting=0)
2026-05-15 21:02:32 [DEBUG][com.zaxxer.hikari.pool.HikariPool][logPoolState][421]-> HikariCPDatasource - After cleanup  stats (total=6, active=1, idle=5, waiting=0)
2026-05-15 21:02:32 [DEBUG][com.zaxxer.hikari.pool.HikariPool][fillPool][518]-> HikariCPDatasource - Fill pool skipped, pool is at sufficient level.
2026-05-15 21:03:00 [DEBUG][org.mybatis.spring.SqlSessionUtils][getSqlSession][97]-> Creating a new SqlSession
2026-05-15 21:03:00 [DEBUG][org.mybatis.spring.SqlSessionUtils][registerSessionHolder][148]-> SqlSession [org.apache.ibatis.session.defaults.DefaultSqlSession@2ce9d42a] was not registered for synchronization because synchronization is not active
2026-05-15 21:03:00 [DEBUG][org.springframework.jdbc.datasource.DataSourceUtils][doGetConnection][116]-> Fetching JDBC Connection from DataSource
2026-05-15 21:03:00 [DEBUG][org.mybatis.spring.transaction.SpringManagedTransaction][openConnection][87]-> JDBC Connection [HikariProxyConnection@1960031909 wrapping com.mysql.cj.jdbc.ConnectionImpl@3f8aa3fc] will not be managed by Spring
2026-05-15 21:03:00 [DEBUG][com.easypan.mappers.FileInfoMapper.selectList][debug][159]-> ==>  Preparing: SELECT file_id ,user_id,file_md5,file_pid,file_size, file_name,file_cover,file_path,create_time,last_update_time, folder_type,file_category,file_type,status,recovery_time, del_flag FROM file_info f WHERE del_flag = ? and recovery_time< date_sub(now(),interval 10 day) 
2026-05-15 21:03:00 [DEBUG][com.easypan.mappers.FileInfoMapper.selectList][debug][159]-> ==> Parameters: 1(Integer)
2026-05-15 21:03:00 [DEBUG][com.easypan.mappers.FileInfoMapper.selectList][debug][159]-> <==      Total: 0
2026-05-15 21:03:00 [DEBUG][org.mybatis.spring.SqlSessionUtils][closeSqlSession][191]-> Closing non transactional SqlSession [org.apache.ibatis.session.defaults.DefaultSqlSession@2ce9d42a]
2026-05-15 21:03:02 [DEBUG][com.zaxxer.hikari.pool.HikariPool][logPoolState][421]-> HikariCPDatasource - Before cleanup stats (total=6, active=1, idle=5, waiting=0)
2026-05-15 21:03:02 [DEBUG][com.zaxxer.hikari.pool.HikariPool][logPoolState][421]-> HikariCPDatasource - After cleanup  stats (total=6, active=1, idle=5, waiting=0)
2026-05-15 21:03:02 [DEBUG][com.zaxxer.hikari.pool.HikariPool][fillPool][518]-> HikariCPDatasource - Fill pool skipped, pool is at sufficient level.
2026-05-15 21:03:32 [DEBUG][com.zaxxer.hikari.pool.HikariPool][logPoolState][421]-> HikariCPDatasource - Before cleanup stats (total=6, active=1, idle=5, waiting=0)
2026-05-15 21:03:32 [DEBUG][com.zaxxer.hikari.pool.HikariPool][logPoolState][421]-> HikariCPDatasource - After cleanup  stats (total=6, active=1, idle=5, waiting=0)
2026-05-15 21:03:32 [DEBUG][com.zaxxer.hikari.pool.HikariPool][fillPool][518]-> HikariCPDatasource - Fill pool skipped, pool is at sufficient level.
2026-05-15 21:04:02 [DEBUG][com.zaxxer.hikari.pool.HikariPool][logPoolState][421]-> HikariCPDatasource - Before cleanup stats (total=6, active=1, idle=5, waiting=0)
2026-05-15 21:04:02 [DEBUG][com.zaxxer.hikari.pool.HikariPool][logPoolState][421]-> HikariCPDatasource - After cleanup  stats (total=6, active=1, idle=5, waiting=0)
2026-05-15 21:04:02 [DEBUG][com.zaxxer.hikari.pool.HikariPool][fillPool][518]-> HikariCPDatasource - Fill pool skipped, pool is at sufficient level.
2026-05-15 21:04:07 [DEBUG][com.zaxxer.hikari.pool.PoolBase][quietlyCloseConnection][134]-> HikariCPDatasource - Closing connection com.mysql.cj.jdbc.ConnectionImpl@6eeb0963: (connection has passed maxLifetime)
2026-05-15 21:04:07 [DEBUG][com.zaxxer.hikari.pool.HikariPool][call][729]-> HikariCPDatasource - Added connection com.mysql.cj.jdbc.ConnectionImpl@586cbae0
2026-05-15 21:04:23 [DEBUG][com.zaxxer.hikari.pool.PoolBase][quietlyCloseConnection][134]-> HikariCPDatasource - Closing connection com.mysql.cj.jdbc.ConnectionImpl@3e9ca357: (connection has passed maxLifetime)
2026-05-15 21:04:23 [DEBUG][com.zaxxer.hikari.pool.HikariPool][call][729]-> HikariCPDatasource - Added connection com.mysql.cj.jdbc.ConnectionImpl@7cd38763
2026-05-15 21:04:26 [DEBUG][com.zaxxer.hikari.pool.PoolBase][quietlyCloseConnection][134]-> HikariCPDatasource - Closing connection com.mysql.cj.jdbc.ConnectionImpl@3f8aa3fc: (connection has passed maxLifetime)
2026-05-15 21:04:26 [DEBUG][com.zaxxer.hikari.pool.HikariPool][call][729]-> HikariCPDatasource - Added connection com.mysql.cj.jdbc.ConnectionImpl@3dee8d58
2026-05-15 21:04:32 [DEBUG][com.zaxxer.hikari.pool.HikariPool][logPoolState][421]-> HikariCPDatasource - Before cleanup stats (total=6, active=1, idle=5, waiting=0)
2026-05-15 21:04:32 [DEBUG][com.zaxxer.hikari.pool.HikariPool][logPoolState][421]-> HikariCPDatasource - After cleanup  stats (total=6, active=1, idle=5, waiting=0)
2026-05-15 21:04:32 [DEBUG][com.zaxxer.hikari.pool.HikariPool][fillPool][518]-> HikariCPDatasource - Fill pool skipped, pool is at sufficient level.
2026-05-15 21:04:36 [DEBUG][com.zaxxer.hikari.pool.PoolBase][quietlyCloseConnection][134]-> HikariCPDatasource - Closing connection com.mysql.cj.jdbc.ConnectionImpl@7eb7a9c7: (connection has passed maxLifetime)
2026-05-15 21:04:36 [DEBUG][com.zaxxer.hikari.pool.HikariPool][call][729]-> HikariCPDatasource - Added connection com.mysql.cj.jdbc.ConnectionImpl@2420616a
2026-05-15 21:05:00 [DEBUG][com.zaxxer.hikari.pool.PoolBase][quietlyCloseConnection][134]-> HikariCPDatasource - Closing connection com.mysql.cj.jdbc.ConnectionImpl@23350b5a: (connection has passed maxLifetime)
2026-05-15 21:05:00 [DEBUG][com.zaxxer.hikari.pool.HikariPool][call][729]-> HikariCPDatasource - Added connection com.mysql.cj.jdbc.ConnectionImpl@c4a71c5
2026-05-15 21:05:02 [DEBUG][com.zaxxer.hikari.pool.HikariPool][logPoolState][421]-> HikariCPDatasource - Before cleanup stats (total=6, active=1, idle=5, waiting=0)
2026-05-15 21:05:02 [DEBUG][com.zaxxer.hikari.pool.HikariPool][logPoolState][421]-> HikariCPDatasource - After cleanup  stats (total=6, active=1, idle=5, waiting=0)
2026-05-15 21:05:02 [DEBUG][com.zaxxer.hikari.pool.HikariPool][fillPool][518]-> HikariCPDatasource - Fill pool skipped, pool is at sufficient level.
2026-05-15 21:05:32 [DEBUG][com.zaxxer.hikari.pool.HikariPool][logPoolState][421]-> HikariCPDatasource - Before cleanup stats (total=6, active=1, idle=5, waiting=0)
2026-05-15 21:05:32 [DEBUG][com.zaxxer.hikari.pool.HikariPool][logPoolState][421]-> HikariCPDatasource - After cleanup  stats (total=6, active=1, idle=5, waiting=0)
2026-05-15 21:05:32 [DEBUG][com.zaxxer.hikari.pool.HikariPool][fillPool][518]-> HikariCPDatasource - Fill pool skipped, pool is at sufficient level.
2026-05-15 21:06:00 [DEBUG][org.mybatis.spring.SqlSessionUtils][getSqlSession][97]-> Creating a new SqlSession
2026-05-15 21:06:00 [DEBUG][org.mybatis.spring.SqlSessionUtils][registerSessionHolder][148]-> SqlSession [org.apache.ibatis.session.defaults.DefaultSqlSession@78a4588b] was not registered for synchronization because synchronization is not active
2026-05-15 21:06:00 [DEBUG][org.springframework.jdbc.datasource.DataSourceUtils][doGetConnection][116]-> Fetching JDBC Connection from DataSource
2026-05-15 21:06:00 [DEBUG][org.mybatis.spring.transaction.SpringManagedTransaction][openConnection][87]-> JDBC Connection [HikariProxyConnection@1041359347 wrapping com.mysql.cj.jdbc.ConnectionImpl@586cbae0] will not be managed by Spring
2026-05-15 21:06:00 [DEBUG][com.easypan.mappers.FileInfoMapper.selectList][debug][159]-> ==>  Preparing: SELECT file_id ,user_id,file_md5,file_pid,file_size, file_name,file_cover,file_path,create_time,last_update_time, folder_type,file_category,file_type,status,recovery_time, del_flag FROM file_info f WHERE del_flag = ? and recovery_time< date_sub(now(),interval 10 day) 
2026-05-15 21:06:00 [DEBUG][com.easypan.mappers.FileInfoMapper.selectList][debug][159]-> ==> Parameters: 1(Integer)
2026-05-15 21:06:00 [DEBUG][com.easypan.mappers.FileInfoMapper.selectList][debug][159]-> <==      Total: 0
2026-05-15 21:06:00 [DEBUG][org.mybatis.spring.SqlSessionUtils][closeSqlSession][191]-> Closing non transactional SqlSession [org.apache.ibatis.session.defaults.DefaultSqlSession@78a4588b]
2026-05-15 21:06:02 [DEBUG][com.zaxxer.hikari.pool.HikariPool][logPoolState][421]-> HikariCPDatasource - Before cleanup stats (total=6, active=1, idle=5, waiting=0)
2026-05-15 21:06:02 [DEBUG][com.zaxxer.hikari.pool.HikariPool][logPoolState][421]-> HikariCPDatasource - After cleanup  stats (total=6, active=1, idle=5, waiting=0)
2026-05-15 21:06:02 [DEBUG][com.zaxxer.hikari.pool.HikariPool][fillPool][518]-> HikariCPDatasource - Fill pool skipped, pool is at sufficient level.
2026-05-15 21:06:32 [DEBUG][com.zaxxer.hikari.pool.HikariPool][logPoolState][421]-> HikariCPDatasource - Before cleanup stats (total=6, active=1, idle=5, waiting=0)
2026-05-15 21:06:32 [DEBUG][com.zaxxer.hikari.pool.HikariPool][logPoolState][421]-> HikariCPDatasource - After cleanup  stats (total=6, active=1, idle=5, waiting=0)
2026-05-15 21:06:32 [DEBUG][com.zaxxer.hikari.pool.HikariPool][fillPool][518]-> HikariCPDatasource - Fill pool skipped, pool is at sufficient level.
2026-05-15 21:07:02 [DEBUG][com.zaxxer.hikari.pool.HikariPool][logPoolState][421]-> HikariCPDatasource - Before cleanup stats (total=6, active=1, idle=5, waiting=0)
2026-05-15 21:07:02 [DEBUG][com.zaxxer.hikari.pool.HikariPool][logPoolState][421]-> HikariCPDatasource - After cleanup  stats (total=6, active=1, idle=5, waiting=0)
2026-05-15 21:07:02 [DEBUG][com.zaxxer.hikari.pool.HikariPool][fillPool][518]-> HikariCPDatasource - Fill pool skipped, pool is at sufficient level.
2026-05-15 21:07:32 [DEBUG][com.zaxxer.hikari.pool.HikariPool][logPoolState][421]-> HikariCPDatasource - Before cleanup stats (total=6, active=1, idle=5, waiting=0)
2026-05-15 21:07:32 [DEBUG][com.zaxxer.hikari.pool.HikariPool][logPoolState][421]-> HikariCPDatasource - After cleanup  stats (total=6, active=1, idle=5, waiting=0)
2026-05-15 21:07:32 [DEBUG][com.zaxxer.hikari.pool.HikariPool][fillPool][518]-> HikariCPDatasource - Fill pool skipped, pool is at sufficient level.
2026-05-15 21:08:02 [DEBUG][com.zaxxer.hikari.pool.HikariPool][logPoolState][421]-> HikariCPDatasource - Before cleanup stats (total=6, active=1, idle=5, waiting=0)
2026-05-15 21:08:02 [DEBUG][com.zaxxer.hikari.pool.HikariPool][logPoolState][421]-> HikariCPDatasource - After cleanup  stats (total=6, active=1, idle=5, waiting=0)
2026-05-15 21:08:02 [DEBUG][com.zaxxer.hikari.pool.HikariPool][fillPool][518]-> HikariCPDatasource - Fill pool skipped, pool is at sufficient level.
2026-05-15 21:08:32 [DEBUG][com.zaxxer.hikari.pool.HikariPool][logPoolState][421]-> HikariCPDatasource - Before cleanup stats (total=6, active=1, idle=5, waiting=0)
2026-05-15 21:08:32 [DEBUG][com.zaxxer.hikari.pool.HikariPool][logPoolState][421]-> HikariCPDatasource - After cleanup  stats (total=6, active=1, idle=5, waiting=0)
2026-05-15 21:08:32 [DEBUG][com.zaxxer.hikari.pool.HikariPool][fillPool][518]-> HikariCPDatasource - Fill pool skipped, pool is at sufficient level.
2026-05-15 21:09:00 [DEBUG][org.mybatis.spring.SqlSessionUtils][getSqlSession][97]-> Creating a new SqlSession
2026-05-15 21:09:00 [DEBUG][org.mybatis.spring.SqlSessionUtils][registerSessionHolder][148]-> SqlSession [org.apache.ibatis.session.defaults.DefaultSqlSession@a708ef0] was not registered for synchronization because synchronization is not active
2026-05-15 21:09:00 [DEBUG][org.springframework.jdbc.datasource.DataSourceUtils][doGetConnection][116]-> Fetching JDBC Connection from DataSource
2026-05-15 21:09:00 [DEBUG][org.mybatis.spring.transaction.SpringManagedTransaction][openConnection][87]-> JDBC Connection [HikariProxyConnection@486486398 wrapping com.mysql.cj.jdbc.ConnectionImpl@586cbae0] will not be managed by Spring
2026-05-15 21:09:00 [DEBUG][com.easypan.mappers.FileInfoMapper.selectList][debug][159]-> ==>  Preparing: SELECT file_id ,user_id,file_md5,file_pid,file_size, file_name,file_cover,file_path,create_time,last_update_time, folder_type,file_category,file_type,status,recovery_time, del_flag FROM file_info f WHERE del_flag = ? and recovery_time< date_sub(now(),interval 10 day) 
2026-05-15 21:09:00 [DEBUG][com.easypan.mappers.FileInfoMapper.selectList][debug][159]-> ==> Parameters: 1(Integer)
2026-05-15 21:09:00 [DEBUG][com.easypan.mappers.FileInfoMapper.selectList][debug][159]-> <==      Total: 0
2026-05-15 21:09:00 [DEBUG][org.mybatis.spring.SqlSessionUtils][closeSqlSession][191]-> Closing non transactional SqlSession [org.apache.ibatis.session.defaults.DefaultSqlSession@a708ef0]
2026-05-15 21:09:02 [DEBUG][com.zaxxer.hikari.pool.HikariPool][logPoolState][421]-> HikariCPDatasource - Before cleanup stats (total=6, active=1, idle=5, waiting=0)
2026-05-15 21:09:02 [DEBUG][com.zaxxer.hikari.pool.HikariPool][logPoolState][421]-> HikariCPDatasource - After cleanup  stats (total=6, active=1, idle=5, waiting=0)
2026-05-15 21:09:02 [DEBUG][com.zaxxer.hikari.pool.HikariPool][fillPool][518]-> HikariCPDatasource - Fill pool skipped, pool is at sufficient level.
2026-05-15 21:09:32 [DEBUG][com.zaxxer.hikari.pool.HikariPool][logPoolState][421]-> HikariCPDatasource - Before cleanup stats (total=6, active=1, idle=5, waiting=0)
2026-05-15 21:09:32 [DEBUG][com.zaxxer.hikari.pool.HikariPool][logPoolState][421]-> HikariCPDatasource - After cleanup  stats (total=6, active=1, idle=5, waiting=0)
2026-05-15 21:09:32 [DEBUG][com.zaxxer.hikari.pool.HikariPool][fillPool][518]-> HikariCPDatasource - Fill pool skipped, pool is at sufficient level.
2026-05-15 21:10:02 [DEBUG][com.zaxxer.hikari.pool.HikariPool][logPoolState][421]-> HikariCPDatasource - Before cleanup stats (total=6, active=1, idle=5, waiting=0)
2026-05-15 21:10:02 [DEBUG][com.zaxxer.hikari.pool.HikariPool][logPoolState][421]-> HikariCPDatasource - After cleanup  stats (total=6, active=1, idle=5, waiting=0)
2026-05-15 21:10:02 [DEBUG][com.zaxxer.hikari.pool.HikariPool][fillPool][518]-> HikariCPDatasource - Fill pool skipped, pool is at sufficient level.
2026-05-15 21:10:32 [DEBUG][com.zaxxer.hikari.pool.HikariPool][logPoolState][421]-> HikariCPDatasource - Before cleanup stats (total=6, active=1, idle=5, waiting=0)
2026-05-15 21:10:32 [DEBUG][com.zaxxer.hikari.pool.HikariPool][logPoolState][421]-> HikariCPDatasource - After cleanup  stats (total=6, active=1, idle=5, waiting=0)
2026-05-15 21:10:32 [DEBUG][com.zaxxer.hikari.pool.HikariPool][fillPool][518]-> HikariCPDatasource - Fill pool skipped, pool is at sufficient level.
2026-05-15 21:11:02 [DEBUG][com.zaxxer.hikari.pool.HikariPool][logPoolState][421]-> HikariCPDatasource - Before cleanup stats (total=6, active=1, idle=5, waiting=0)
2026-05-15 21:11:02 [DEBUG][com.zaxxer.hikari.pool.HikariPool][logPoolState][421]-> HikariCPDatasource - After cleanup  stats (total=6, active=1, idle=5, waiting=0)
2026-05-15 21:11:02 [DEBUG][com.zaxxer.hikari.pool.HikariPool][fillPool][518]-> HikariCPDatasource - Fill pool skipped, pool is at sufficient level.
2026-05-15 21:11:32 [DEBUG][com.zaxxer.hikari.pool.HikariPool][logPoolState][421]-> HikariCPDatasource - Before cleanup stats (total=6, active=1, idle=5, waiting=0)
2026-05-15 21:11:32 [DEBUG][com.zaxxer.hikari.pool.HikariPool][logPoolState][421]-> HikariCPDatasource - After cleanup  stats (total=6, active=1, idle=5, waiting=0)
2026-05-15 21:11:32 [DEBUG][com.zaxxer.hikari.pool.HikariPool][fillPool][518]-> HikariCPDatasource - Fill pool skipped, pool is at sufficient level.
2026-05-15 21:12:00 [DEBUG][org.mybatis.spring.SqlSessionUtils][getSqlSession][97]-> Creating a new SqlSession
2026-05-15 21:12:00 [DEBUG][org.mybatis.spring.SqlSessionUtils][registerSessionHolder][148]-> SqlSession [org.apache.ibatis.session.defaults.DefaultSqlSession@1598a57b] was not registered for synchronization because synchronization is not active
2026-05-15 21:12:00 [DEBUG][org.springframework.jdbc.datasource.DataSourceUtils][doGetConnection][116]-> Fetching JDBC Connection from DataSource
2026-05-15 21:12:00 [DEBUG][org.mybatis.spring.transaction.SpringManagedTransaction][openConnection][87]-> JDBC Connection [HikariProxyConnection@1609329749 wrapping com.mysql.cj.jdbc.ConnectionImpl@586cbae0] will not be managed by Spring
2026-05-15 21:12:00 [DEBUG][com.easypan.mappers.FileInfoMapper.selectList][debug][159]-> ==>  Preparing: SELECT file_id ,user_id,file_md5,file_pid,file_size, file_name,file_cover,file_path,create_time,last_update_time, folder_type,file_category,file_type,status,recovery_time, del_flag FROM file_info f WHERE del_flag = ? and recovery_time< date_sub(now(),interval 10 day) 
2026-05-15 21:12:00 [DEBUG][com.easypan.mappers.FileInfoMapper.selectList][debug][159]-> ==> Parameters: 1(Integer)
2026-05-15 21:12:00 [DEBUG][com.easypan.mappers.FileInfoMapper.selectList][debug][159]-> <==      Total: 0
2026-05-15 21:12:00 [DEBUG][org.mybatis.spring.SqlSessionUtils][closeSqlSession][191]-> Closing non transactional SqlSession [org.apache.ibatis.session.defaults.DefaultSqlSession@1598a57b]
2026-05-15 21:12:02 [DEBUG][com.zaxxer.hikari.pool.HikariPool][logPoolState][421]-> HikariCPDatasource - Before cleanup stats (total=6, active=1, idle=5, waiting=0)
2026-05-15 21:12:02 [DEBUG][com.zaxxer.hikari.pool.HikariPool][logPoolState][421]-> HikariCPDatasource - After cleanup  stats (total=6, active=1, idle=5, waiting=0)
2026-05-15 21:12:02 [DEBUG][com.zaxxer.hikari.pool.HikariPool][fillPool][518]-> HikariCPDatasource - Fill pool skipped, pool is at sufficient level.
2026-05-15 21:12:32 [DEBUG][com.zaxxer.hikari.pool.HikariPool][logPoolState][421]-> HikariCPDatasource - Before cleanup stats (total=6, active=1, idle=5, waiting=0)
2026-05-15 21:12:32 [DEBUG][com.zaxxer.hikari.pool.HikariPool][logPoolState][421]-> HikariCPDatasource - After cleanup  stats (total=6, active=1, idle=5, waiting=0)
2026-05-15 21:12:32 [DEBUG][com.zaxxer.hikari.pool.HikariPool][fillPool][518]-> HikariCPDatasource - Fill pool skipped, pool is at sufficient level.
2026-05-15 21:13:02 [DEBUG][com.zaxxer.hikari.pool.HikariPool][logPoolState][421]-> HikariCPDatasource - Before cleanup stats (total=6, active=1, idle=5, waiting=0)
2026-05-15 21:13:02 [DEBUG][com.zaxxer.hikari.pool.HikariPool][logPoolState][421]-> HikariCPDatasource - After cleanup  stats (total=6, active=1, idle=5, waiting=0)
2026-05-15 21:13:02 [DEBUG][com.zaxxer.hikari.pool.HikariPool][fillPool][518]-> HikariCPDatasource - Fill pool skipped, pool is at sufficient level.
2026-05-15 21:13:32 [DEBUG][com.zaxxer.hikari.pool.HikariPool][logPoolState][421]-> HikariCPDatasource - Before cleanup stats (total=6, active=1, idle=5, waiting=0)
2026-05-15 21:13:32 [DEBUG][com.zaxxer.hikari.pool.HikariPool][logPoolState][421]-> HikariCPDatasource - After cleanup  stats (total=6, active=1, idle=5, waiting=0)
2026-05-15 21:13:32 [DEBUG][com.zaxxer.hikari.pool.HikariPool][fillPool][518]-> HikariCPDatasource - Fill pool skipped, pool is at sufficient level.
2026-05-15 21:14:02 [DEBUG][com.zaxxer.hikari.pool.HikariPool][logPoolState][421]-> HikariCPDatasource - Before cleanup stats (total=6, active=1, idle=5, waiting=0)
2026-05-15 21:14:02 [DEBUG][com.zaxxer.hikari.pool.HikariPool][logPoolState][421]-> HikariCPDatasource - After cleanup  stats (total=6, active=1, idle=5, waiting=0)
2026-05-15 21:14:02 [DEBUG][com.zaxxer.hikari.pool.HikariPool][fillPool][518]-> HikariCPDatasource - Fill pool skipped, pool is at sufficient level.
2026-05-15 21:14:32 [DEBUG][com.zaxxer.hikari.pool.HikariPool][logPoolState][421]-> HikariCPDatasource - Before cleanup stats (total=6, active=1, idle=5, waiting=0)
2026-05-15 21:14:32 [DEBUG][com.zaxxer.hikari.pool.HikariPool][logPoolState][421]-> HikariCPDatasource - After cleanup  stats (total=6, active=1, idle=5, waiting=0)
2026-05-15 21:14:32 [DEBUG][com.zaxxer.hikari.pool.HikariPool][fillPool][518]-> HikariCPDatasource - Fill pool skipped, pool is at sufficient level.
2026-05-15 21:15:00 [DEBUG][org.mybatis.spring.SqlSessionUtils][getSqlSession][97]-> Creating a new SqlSession
2026-05-15 21:15:00 [DEBUG][org.mybatis.spring.SqlSessionUtils][registerSessionHolder][148]-> SqlSession [org.apache.ibatis.session.defaults.DefaultSqlSession@1977c96c] was not registered for synchronization because synchronization is not active
2026-05-15 21:15:00 [DEBUG][org.springframework.jdbc.datasource.DataSourceUtils][doGetConnection][116]-> Fetching JDBC Connection from DataSource
2026-05-15 21:15:00 [DEBUG][org.mybatis.spring.transaction.SpringManagedTransaction][openConnection][87]-> JDBC Connection [HikariProxyConnection@1897522981 wrapping com.mysql.cj.jdbc.ConnectionImpl@586cbae0] will not be managed by Spring
2026-05-15 21:15:00 [DEBUG][com.easypan.mappers.FileInfoMapper.selectList][debug][159]-> ==>  Preparing: SELECT file_id ,user_id,file_md5,file_pid,file_size, file_name,file_cover,file_path,create_time,last_update_time, folder_type,file_category,file_type,status,recovery_time, del_flag FROM file_info f WHERE del_flag = ? and recovery_time< date_sub(now(),interval 10 day) 
2026-05-15 21:15:00 [DEBUG][com.easypan.mappers.FileInfoMapper.selectList][debug][159]-> ==> Parameters: 1(Integer)
2026-05-15 21:15:00 [DEBUG][com.easypan.mappers.FileInfoMapper.selectList][debug][159]-> <==      Total: 0
2026-05-15 21:15:00 [DEBUG][org.mybatis.spring.SqlSessionUtils][closeSqlSession][191]-> Closing non transactional SqlSession [org.apache.ibatis.session.defaults.DefaultSqlSession@1977c96c]
2026-05-15 21:15:02 [DEBUG][com.zaxxer.hikari.pool.HikariPool][logPoolState][421]-> HikariCPDatasource - Before cleanup stats (total=6, active=1, idle=5, waiting=0)
2026-05-15 21:15:02 [DEBUG][com.zaxxer.hikari.pool.HikariPool][logPoolState][421]-> HikariCPDatasource - After cleanup  stats (total=6, active=1, idle=5, waiting=0)
2026-05-15 21:15:02 [DEBUG][com.zaxxer.hikari.pool.HikariPool][fillPool][518]-> HikariCPDatasource - Fill pool skipped, pool is at sufficient level.
2026-05-15 21:15:32 [DEBUG][com.zaxxer.hikari.pool.HikariPool][logPoolState][421]-> HikariCPDatasource - Before cleanup stats (total=6, active=1, idle=5, waiting=0)
2026-05-15 21:15:32 [DEBUG][com.zaxxer.hikari.pool.HikariPool][logPoolState][421]-> HikariCPDatasource - After cleanup  stats (total=6, active=1, idle=5, waiting=0)
2026-05-15 21:15:32 [DEBUG][com.zaxxer.hikari.pool.HikariPool][fillPool][518]-> HikariCPDatasource - Fill pool skipped, pool is at sufficient level.
2026-05-15 21:16:02 [DEBUG][com.zaxxer.hikari.pool.HikariPool][logPoolState][421]-> HikariCPDatasource - Before cleanup stats (total=6, active=1, idle=5, waiting=0)
2026-05-15 21:16:02 [DEBUG][com.zaxxer.hikari.pool.HikariPool][logPoolState][421]-> HikariCPDatasource - After cleanup  stats (total=6, active=1, idle=5, waiting=0)
2026-05-15 21:16:02 [DEBUG][com.zaxxer.hikari.pool.HikariPool][fillPool][518]-> HikariCPDatasource - Fill pool skipped, pool is at sufficient level.
2026-05-15 21:16:32 [DEBUG][com.zaxxer.hikari.pool.HikariPool][logPoolState][421]-> HikariCPDatasource - Before cleanup stats (total=6, active=1, idle=5, waiting=0)
2026-05-15 21:16:32 [DEBUG][com.zaxxer.hikari.pool.HikariPool][logPoolState][421]-> HikariCPDatasource - After cleanup  stats (total=6, active=1, idle=5, waiting=0)
2026-05-15 21:16:32 [DEBUG][com.zaxxer.hikari.pool.HikariPool][fillPool][518]-> HikariCPDatasource - Fill pool skipped, pool is at sufficient level.
2026-05-15 21:17:02 [DEBUG][com.zaxxer.hikari.pool.HikariPool][logPoolState][421]-> HikariCPDatasource - Before cleanup stats (total=6, active=1, idle=5, waiting=0)
2026-05-15 21:17:02 [DEBUG][com.zaxxer.hikari.pool.HikariPool][logPoolState][421]-> HikariCPDatasource - After cleanup  stats (total=6, active=1, idle=5, waiting=0)
2026-05-15 21:17:02 [DEBUG][com.zaxxer.hikari.pool.HikariPool][fillPool][518]-> HikariCPDatasource - Fill pool skipped, pool is at sufficient level.
2026-05-15 21:17:32 [DEBUG][com.zaxxer.hikari.pool.HikariPool][logPoolState][421]-> HikariCPDatasource - Before cleanup stats (total=6, active=1, idle=5, waiting=0)
2026-05-15 21:17:32 [DEBUG][com.zaxxer.hikari.pool.HikariPool][logPoolState][421]-> HikariCPDatasource - After cleanup  stats (total=6, active=1, idle=5, waiting=0)
2026-05-15 21:17:32 [DEBUG][com.zaxxer.hikari.pool.HikariPool][fillPool][518]-> HikariCPDatasource - Fill pool skipped, pool is at sufficient level.
2026-05-15 21:18:00 [DEBUG][org.mybatis.spring.SqlSessionUtils][getSqlSession][97]-> Creating a new SqlSession
2026-05-15 21:18:00 [DEBUG][org.mybatis.spring.SqlSessionUtils][registerSessionHolder][148]-> SqlSession [org.apache.ibatis.session.defaults.DefaultSqlSession@3f0dc747] was not registered for synchronization because synchronization is not active
2026-05-15 21:18:00 [DEBUG][org.springframework.jdbc.datasource.DataSourceUtils][doGetConnection][116]-> Fetching JDBC Connection from DataSource
2026-05-15 21:18:00 [DEBUG][org.mybatis.spring.transaction.SpringManagedTransaction][openConnection][87]-> JDBC Connection [HikariProxyConnection@285740435 wrapping com.mysql.cj.jdbc.ConnectionImpl@586cbae0] will not be managed by Spring
2026-05-15 21:18:00 [DEBUG][com.easypan.mappers.FileInfoMapper.selectList][debug][159]-> ==>  Preparing: SELECT file_id ,user_id,file_md5,file_pid,file_size, file_name,file_cover,file_path,create_time,last_update_time, folder_type,file_category,file_type,status,recovery_time, del_flag FROM file_info f WHERE del_flag = ? and recovery_time< date_sub(now(),interval 10 day) 
2026-05-15 21:18:00 [DEBUG][com.easypan.mappers.FileInfoMapper.selectList][debug][159]-> ==> Parameters: 1(Integer)
2026-05-15 21:18:00 [DEBUG][com.easypan.mappers.FileInfoMapper.selectList][debug][159]-> <==      Total: 0
2026-05-15 21:18:00 [DEBUG][org.mybatis.spring.SqlSessionUtils][closeSqlSession][191]-> Closing non transactional SqlSession [org.apache.ibatis.session.defaults.DefaultSqlSession@3f0dc747]
2026-05-15 21:18:02 [DEBUG][com.zaxxer.hikari.pool.HikariPool][logPoolState][421]-> HikariCPDatasource - Before cleanup stats (total=6, active=1, idle=5, waiting=0)
2026-05-15 21:18:02 [DEBUG][com.zaxxer.hikari.pool.HikariPool][logPoolState][421]-> HikariCPDatasource - After cleanup  stats (total=6, active=1, idle=5, waiting=0)
2026-05-15 21:18:02 [DEBUG][com.zaxxer.hikari.pool.HikariPool][fillPool][518]-> HikariCPDatasource - Fill pool skipped, pool is at sufficient level.
2026-05-15 21:18:32 [DEBUG][com.zaxxer.hikari.pool.HikariPool][logPoolState][421]-> HikariCPDatasource - Before cleanup stats (total=6, active=1, idle=5, waiting=0)
2026-05-15 21:18:32 [DEBUG][com.zaxxer.hikari.pool.HikariPool][logPoolState][421]-> HikariCPDatasource - After cleanup  stats (total=6, active=1, idle=5, waiting=0)
2026-05-15 21:18:32 [DEBUG][com.zaxxer.hikari.pool.HikariPool][fillPool][518]-> HikariCPDatasource - Fill pool skipped, pool is at sufficient level.
2026-05-15 21:19:02 [DEBUG][com.zaxxer.hikari.pool.HikariPool][logPoolState][421]-> HikariCPDatasource - Before cleanup stats (total=6, active=1, idle=5, waiting=0)
2026-05-15 21:19:02 [DEBUG][com.zaxxer.hikari.pool.HikariPool][logPoolState][421]-> HikariCPDatasource - After cleanup  stats (total=6, active=1, idle=5, waiting=0)
2026-05-15 21:19:02 [DEBUG][com.zaxxer.hikari.pool.HikariPool][fillPool][518]-> HikariCPDatasource - Fill pool skipped, pool is at sufficient level.
2026-05-15 21:19:32 [DEBUG][com.zaxxer.hikari.pool.HikariPool][logPoolState][421]-> HikariCPDatasource - Before cleanup stats (total=6, active=1, idle=5, waiting=0)
2026-05-15 21:19:32 [DEBUG][com.zaxxer.hikari.pool.HikariPool][logPoolState][421]-> HikariCPDatasource - After cleanup  stats (total=6, active=1, idle=5, waiting=0)
2026-05-15 21:19:32 [DEBUG][com.zaxxer.hikari.pool.HikariPool][fillPool][518]-> HikariCPDatasource - Fill pool skipped, pool is at sufficient level.
2026-05-15 21:20:02 [DEBUG][com.zaxxer.hikari.pool.HikariPool][logPoolState][421]-> HikariCPDatasource - Before cleanup stats (total=6, active=1, idle=5, waiting=0)
2026-05-15 21:20:02 [DEBUG][com.zaxxer.hikari.pool.HikariPool][logPoolState][421]-> HikariCPDatasource - After cleanup  stats (total=6, active=1, idle=5, waiting=0)
2026-05-15 21:20:02 [DEBUG][com.zaxxer.hikari.pool.HikariPool][fillPool][518]-> HikariCPDatasource - Fill pool skipped, pool is at sufficient level.
2026-05-15 21:20:32 [DEBUG][com.zaxxer.hikari.pool.HikariPool][logPoolState][421]-> HikariCPDatasource - Before cleanup stats (total=6, active=1, idle=5, waiting=0)
2026-05-15 21:20:32 [DEBUG][com.zaxxer.hikari.pool.HikariPool][logPoolState][421]-> HikariCPDatasource - After cleanup  stats (total=6, active=1, idle=5, waiting=0)
2026-05-15 21:20:32 [DEBUG][com.zaxxer.hikari.pool.HikariPool][fillPool][518]-> HikariCPDatasource - Fill pool skipped, pool is at sufficient level.
2026-05-15 21:21:00 [DEBUG][org.mybatis.spring.SqlSessionUtils][getSqlSession][97]-> Creating a new SqlSession
2026-05-15 21:21:00 [DEBUG][org.mybatis.spring.SqlSessionUtils][registerSessionHolder][148]-> SqlSession [org.apache.ibatis.session.defaults.DefaultSqlSession@6ade9bac] was not registered for synchronization because synchronization is not active
2026-05-15 21:21:00 [DEBUG][org.springframework.jdbc.datasource.DataSourceUtils][doGetConnection][116]-> Fetching JDBC Connection from DataSource
2026-05-15 21:21:00 [DEBUG][org.mybatis.spring.transaction.SpringManagedTransaction][openConnection][87]-> JDBC Connection [HikariProxyConnection@601484296 wrapping com.mysql.cj.jdbc.ConnectionImpl@586cbae0] will not be managed by Spring
2026-05-15 21:21:00 [DEBUG][com.easypan.mappers.FileInfoMapper.selectList][debug][159]-> ==>  Preparing: SELECT file_id ,user_id,file_md5,file_pid,file_size, file_name,file_cover,file_path,create_time,last_update_time, folder_type,file_category,file_type,status,recovery_time, del_flag FROM file_info f WHERE del_flag = ? and recovery_time< date_sub(now(),interval 10 day) 
2026-05-15 21:21:00 [DEBUG][com.easypan.mappers.FileInfoMapper.selectList][debug][159]-> ==> Parameters: 1(Integer)
2026-05-15 21:21:00 [DEBUG][com.easypan.mappers.FileInfoMapper.selectList][debug][159]-> <==      Total: 0
2026-05-15 21:21:00 [DEBUG][org.mybatis.spring.SqlSessionUtils][closeSqlSession][191]-> Closing non transactional SqlSession [org.apache.ibatis.session.defaults.DefaultSqlSession@6ade9bac]
2026-05-15 21:21:02 [DEBUG][com.zaxxer.hikari.pool.HikariPool][logPoolState][421]-> HikariCPDatasource - Before cleanup stats (total=6, active=1, idle=5, waiting=0)
2026-05-15 21:21:02 [DEBUG][com.zaxxer.hikari.pool.HikariPool][logPoolState][421]-> HikariCPDatasource - After cleanup  stats (total=6, active=1, idle=5, waiting=0)
2026-05-15 21:21:02 [DEBUG][com.zaxxer.hikari.pool.HikariPool][fillPool][518]-> HikariCPDatasource - Fill pool skipped, pool is at sufficient level.
2026-05-15 21:21:32 [DEBUG][com.zaxxer.hikari.pool.HikariPool][logPoolState][421]-> HikariCPDatasource - Before cleanup stats (total=6, active=1, idle=5, waiting=0)
2026-05-15 21:21:32 [DEBUG][com.zaxxer.hikari.pool.HikariPool][logPoolState][421]-> HikariCPDatasource - After cleanup  stats (total=6, active=1, idle=5, waiting=0)
2026-05-15 21:21:32 [DEBUG][com.zaxxer.hikari.pool.HikariPool][fillPool][518]-> HikariCPDatasource - Fill pool skipped, pool is at sufficient level.
2026-05-15 21:22:02 [DEBUG][com.zaxxer.hikari.pool.HikariPool][logPoolState][421]-> HikariCPDatasource - Before cleanup stats (total=6, active=1, idle=5, waiting=0)
2026-05-15 21:22:02 [DEBUG][com.zaxxer.hikari.pool.HikariPool][logPoolState][421]-> HikariCPDatasource - After cleanup  stats (total=6, active=1, idle=5, waiting=0)
2026-05-15 21:22:02 [DEBUG][com.zaxxer.hikari.pool.HikariPool][fillPool][518]-> HikariCPDatasource - Fill pool skipped, pool is at sufficient level.
2026-05-15 21:22:32 [DEBUG][com.zaxxer.hikari.pool.HikariPool][logPoolState][421]-> HikariCPDatasource - Before cleanup stats (total=6, active=1, idle=5, waiting=0)
2026-05-15 21:22:32 [DEBUG][com.zaxxer.hikari.pool.HikariPool][logPoolState][421]-> HikariCPDatasource - After cleanup  stats (total=6, active=1, idle=5, waiting=0)
2026-05-15 21:22:32 [DEBUG][com.zaxxer.hikari.pool.HikariPool][fillPool][518]-> HikariCPDatasource - Fill pool skipped, pool is at sufficient level.
2026-05-15 21:23:02 [DEBUG][com.zaxxer.hikari.pool.HikariPool][logPoolState][421]-> HikariCPDatasource - Before cleanup stats (total=6, active=1, idle=5, waiting=0)
2026-05-15 21:23:02 [DEBUG][com.zaxxer.hikari.pool.HikariPool][logPoolState][421]-> HikariCPDatasource - After cleanup  stats (total=6, active=1, idle=5, waiting=0)
2026-05-15 21:23:02 [DEBUG][com.zaxxer.hikari.pool.HikariPool][fillPool][518]-> HikariCPDatasource - Fill pool skipped, pool is at sufficient level.
2026-05-15 21:23:12 [DEBUG][org.springframework.web.servlet.DispatcherServlet][traceDebug][108]-> GET "/api/checkCode?type=0&time=1778851392619", parameters={masked}
2026-05-15 21:23:12 [DEBUG][org.springframework.web.servlet.mvc.method.annotation.RequestMappingHandlerMapping][getHandler][522]-> Mapped to com.easypan.controller.AccountController#checkCode(HttpServletResponse, HttpSession, Integer)
2026-05-15 21:23:12 [DEBUG][org.springframework.web.servlet.DispatcherServlet][logResult][1131]-> Completed 200 OK
2026-05-15 21:23:19 [DEBUG][org.springframework.web.servlet.DispatcherServlet][traceDebug][108]-> GET "/api/checkCode?type=1&time=1778851399756", parameters={masked}
2026-05-15 21:23:19 [DEBUG][org.springframework.web.servlet.mvc.method.annotation.RequestMappingHandlerMapping][getHandler][522]-> Mapped to com.easypan.controller.AccountController#checkCode(HttpServletResponse, HttpSession, Integer)
2026-05-15 21:23:19 [DEBUG][org.springframework.web.servlet.DispatcherServlet][logResult][1131]-> Completed 200 OK
2026-05-15 21:23:32 [DEBUG][com.zaxxer.hikari.pool.HikariPool][logPoolState][421]-> HikariCPDatasource - Before cleanup stats (total=6, active=1, idle=5, waiting=0)
2026-05-15 21:23:32 [DEBUG][com.zaxxer.hikari.pool.HikariPool][logPoolState][421]-> HikariCPDatasource - After cleanup  stats (total=6, active=1, idle=5, waiting=0)
2026-05-15 21:23:32 [DEBUG][com.zaxxer.hikari.pool.HikariPool][fillPool][518]-> HikariCPDatasource - Fill pool skipped, pool is at sufficient level.
2026-05-15 21:24:00 [DEBUG][org.mybatis.spring.SqlSessionUtils][getSqlSession][97]-> Creating a new SqlSession
2026-05-15 21:24:00 [DEBUG][org.mybatis.spring.SqlSessionUtils][registerSessionHolder][148]-> SqlSession [org.apache.ibatis.session.defaults.DefaultSqlSession@4426dcdc] was not registered for synchronization because synchronization is not active
2026-05-15 21:24:00 [DEBUG][org.springframework.jdbc.datasource.DataSourceUtils][doGetConnection][116]-> Fetching JDBC Connection from DataSource
2026-05-15 21:24:00 [DEBUG][org.mybatis.spring.transaction.SpringManagedTransaction][openConnection][87]-> JDBC Connection [HikariProxyConnection@974599788 wrapping com.mysql.cj.jdbc.ConnectionImpl@586cbae0] will not be managed by Spring
2026-05-15 21:24:00 [DEBUG][com.easypan.mappers.FileInfoMapper.selectList][debug][159]-> ==>  Preparing: SELECT file_id ,user_id,file_md5,file_pid,file_size, file_name,file_cover,file_path,create_time,last_update_time, folder_type,file_category,file_type,status,recovery_time, del_flag FROM file_info f WHERE del_flag = ? and recovery_time< date_sub(now(),interval 10 day) 
2026-05-15 21:24:00 [DEBUG][com.easypan.mappers.FileInfoMapper.selectList][debug][159]-> ==> Parameters: 1(Integer)
2026-05-15 21:24:00 [DEBUG][com.easypan.mappers.FileInfoMapper.selectList][debug][159]-> <==      Total: 0
2026-05-15 21:24:00 [DEBUG][org.mybatis.spring.SqlSessionUtils][closeSqlSession][191]-> Closing non transactional SqlSession [org.apache.ibatis.session.defaults.DefaultSqlSession@4426dcdc]
2026-05-15 21:24:02 [DEBUG][com.zaxxer.hikari.pool.HikariPool][logPoolState][421]-> HikariCPDatasource - Before cleanup stats (total=6, active=1, idle=5, waiting=0)
2026-05-15 21:24:02 [DEBUG][com.zaxxer.hikari.pool.HikariPool][logPoolState][421]-> HikariCPDatasource - After cleanup  stats (total=6, active=1, idle=5, waiting=0)
2026-05-15 21:24:02 [DEBUG][com.zaxxer.hikari.pool.HikariPool][fillPool][518]-> HikariCPDatasource - Fill pool skipped, pool is at sufficient level.
2026-05-15 21:24:32 [DEBUG][com.zaxxer.hikari.pool.HikariPool][logPoolState][421]-> HikariCPDatasource - Before cleanup stats (total=6, active=1, idle=5, waiting=0)
2026-05-15 21:24:32 [DEBUG][com.zaxxer.hikari.pool.HikariPool][logPoolState][421]-> HikariCPDatasource - After cleanup  stats (total=6, active=1, idle=5, waiting=0)
2026-05-15 21:24:32 [DEBUG][com.zaxxer.hikari.pool.HikariPool][fillPool][518]-> HikariCPDatasource - Fill pool skipped, pool is at sufficient level.
2026-05-15 21:25:02 [DEBUG][com.zaxxer.hikari.pool.HikariPool][logPoolState][421]-> HikariCPDatasource - Before cleanup stats (total=6, active=1, idle=5, waiting=0)
2026-05-15 21:25:02 [DEBUG][com.zaxxer.hikari.pool.HikariPool][logPoolState][421]-> HikariCPDatasource - After cleanup  stats (total=6, active=1, idle=5, waiting=0)
2026-05-15 21:25:02 [DEBUG][com.zaxxer.hikari.pool.HikariPool][fillPool][518]-> HikariCPDatasource - Fill pool skipped, pool is at sufficient level.
2026-05-15 21:25:32 [DEBUG][com.zaxxer.hikari.pool.HikariPool][logPoolState][421]-> HikariCPDatasource - Before cleanup stats (total=6, active=1, idle=5, waiting=0)
2026-05-15 21:25:32 [DEBUG][com.zaxxer.hikari.pool.HikariPool][logPoolState][421]-> HikariCPDatasource - After cleanup  stats (total=6, active=1, idle=5, waiting=0)
2026-05-15 21:25:32 [DEBUG][com.zaxxer.hikari.pool.HikariPool][fillPool][518]-> HikariCPDatasource - Fill pool skipped, pool is at sufficient level.
2026-05-15 21:26:02 [DEBUG][com.zaxxer.hikari.pool.HikariPool][logPoolState][421]-> HikariCPDatasource - Before cleanup stats (total=6, active=1, idle=5, waiting=0)
2026-05-15 21:26:02 [DEBUG][com.zaxxer.hikari.pool.HikariPool][logPoolState][421]-> HikariCPDatasource - After cleanup  stats (total=6, active=1, idle=5, waiting=0)
2026-05-15 21:26:02 [DEBUG][com.zaxxer.hikari.pool.HikariPool][fillPool][518]-> HikariCPDatasource - Fill pool skipped, pool is at sufficient level.
2026-05-15 21:26:32 [DEBUG][com.zaxxer.hikari.pool.HikariPool][logPoolState][421]-> HikariCPDatasource - Before cleanup stats (total=6, active=1, idle=5, waiting=0)
2026-05-15 21:26:32 [DEBUG][com.zaxxer.hikari.pool.HikariPool][logPoolState][421]-> HikariCPDatasource - After cleanup  stats (total=6, active=1, idle=5, waiting=0)
2026-05-15 21:26:32 [DEBUG][com.zaxxer.hikari.pool.HikariPool][fillPool][518]-> HikariCPDatasource - Fill pool skipped, pool is at sufficient level.
2026-05-15 21:27:01 [DEBUG][org.mybatis.spring.SqlSessionUtils][getSqlSession][97]-> Creating a new SqlSession
2026-05-15 21:27:01 [DEBUG][org.mybatis.spring.SqlSessionUtils][registerSessionHolder][148]-> SqlSession [org.apache.ibatis.session.defaults.DefaultSqlSession@4be350e7] was not registered for synchronization because synchronization is not active
2026-05-15 21:27:01 [DEBUG][org.springframework.jdbc.datasource.DataSourceUtils][doGetConnection][116]-> Fetching JDBC Connection from DataSource
2026-05-15 21:27:01 [DEBUG][org.mybatis.spring.transaction.SpringManagedTransaction][openConnection][87]-> JDBC Connection [HikariProxyConnection@252283293 wrapping com.mysql.cj.jdbc.ConnectionImpl@586cbae0] will not be managed by Spring
2026-05-15 21:27:01 [DEBUG][com.easypan.mappers.FileInfoMapper.selectList][debug][159]-> ==>  Preparing: SELECT file_id ,user_id,file_md5,file_pid,file_size, file_name,file_cover,file_path,create_time,last_update_time, folder_type,file_category,file_type,status,recovery_time, del_flag FROM file_info f WHERE del_flag = ? and recovery_time< date_sub(now(),interval 10 day) 
2026-05-15 21:27:01 [DEBUG][com.easypan.mappers.FileInfoMapper.selectList][debug][159]-> ==> Parameters: 1(Integer)
2026-05-15 21:27:01 [DEBUG][com.easypan.mappers.FileInfoMapper.selectList][debug][159]-> <==      Total: 0
2026-05-15 21:27:01 [DEBUG][org.mybatis.spring.SqlSessionUtils][closeSqlSession][191]-> Closing non transactional SqlSession [org.apache.ibatis.session.defaults.DefaultSqlSession@4be350e7]
2026-05-15 21:27:02 [DEBUG][com.zaxxer.hikari.pool.HikariPool][logPoolState][421]-> HikariCPDatasource - Before cleanup stats (total=6, active=1, idle=5, waiting=0)
2026-05-15 21:27:02 [DEBUG][com.zaxxer.hikari.pool.HikariPool][logPoolState][421]-> HikariCPDatasource - After cleanup  stats (total=6, active=1, idle=5, waiting=0)
2026-05-15 21:27:02 [DEBUG][com.zaxxer.hikari.pool.HikariPool][fillPool][518]-> HikariCPDatasource - Fill pool skipped, pool is at sufficient level.
2026-05-15 21:27:32 [DEBUG][com.zaxxer.hikari.pool.HikariPool][logPoolState][421]-> HikariCPDatasource - Before cleanup stats (total=6, active=1, idle=5, waiting=0)
2026-05-15 21:27:32 [DEBUG][com.zaxxer.hikari.pool.HikariPool][logPoolState][421]-> HikariCPDatasource - After cleanup  stats (total=6, active=1, idle=5, waiting=0)
2026-05-15 21:27:32 [DEBUG][com.zaxxer.hikari.pool.HikariPool][fillPool][518]-> HikariCPDatasource - Fill pool skipped, pool is at sufficient level.
2026-05-15 21:28:02 [DEBUG][com.zaxxer.hikari.pool.HikariPool][logPoolState][421]-> HikariCPDatasource - Before cleanup stats (total=6, active=1, idle=5, waiting=0)
2026-05-15 21:28:02 [DEBUG][com.zaxxer.hikari.pool.HikariPool][logPoolState][421]-> HikariCPDatasource - After cleanup  stats (total=6, active=1, idle=5, waiting=0)
2026-05-15 21:28:02 [DEBUG][com.zaxxer.hikari.pool.HikariPool][fillPool][518]-> HikariCPDatasource - Fill pool skipped, pool is at sufficient level.
2026-05-15 21:28:32 [DEBUG][com.zaxxer.hikari.pool.HikariPool][logPoolState][421]-> HikariCPDatasource - Before cleanup stats (total=6, active=1, idle=5, waiting=0)
2026-05-15 21:28:32 [DEBUG][com.zaxxer.hikari.pool.HikariPool][logPoolState][421]-> HikariCPDatasource - After cleanup  stats (total=6, active=1, idle=5, waiting=0)
2026-05-15 21:28:32 [DEBUG][com.zaxxer.hikari.pool.HikariPool][fillPool][518]-> HikariCPDatasource - Fill pool skipped, pool is at sufficient level.
2026-05-15 21:29:02 [DEBUG][com.zaxxer.hikari.pool.HikariPool][logPoolState][421]-> HikariCPDatasource - Before cleanup stats (total=6, active=1, idle=5, waiting=0)
2026-05-15 21:29:02 [DEBUG][com.zaxxer.hikari.pool.HikariPool][logPoolState][421]-> HikariCPDatasource - After cleanup  stats (total=6, active=1, idle=5, waiting=0)
2026-05-15 21:29:02 [DEBUG][com.zaxxer.hikari.pool.HikariPool][fillPool][518]-> HikariCPDatasource - Fill pool skipped, pool is at sufficient level.
2026-05-15 21:29:32 [DEBUG][com.zaxxer.hikari.pool.HikariPool][logPoolState][421]-> HikariCPDatasource - Before cleanup stats (total=6, active=1, idle=5, waiting=0)
2026-05-15 21:29:32 [DEBUG][com.zaxxer.hikari.pool.HikariPool][logPoolState][421]-> HikariCPDatasource - After cleanup  stats (total=6, active=1, idle=5, waiting=0)
2026-05-15 21:29:32 [DEBUG][com.zaxxer.hikari.pool.HikariPool][fillPool][518]-> HikariCPDatasource - Fill pool skipped, pool is at sufficient level.
2026-05-15 21:30:01 [DEBUG][org.mybatis.spring.SqlSessionUtils][getSqlSession][97]-> Creating a new SqlSession
2026-05-15 21:30:01 [DEBUG][org.mybatis.spring.SqlSessionUtils][registerSessionHolder][148]-> SqlSession [org.apache.ibatis.session.defaults.DefaultSqlSession@6a80586b] was not registered for synchronization because synchronization is not active
2026-05-15 21:30:01 [DEBUG][org.springframework.jdbc.datasource.DataSourceUtils][doGetConnection][116]-> Fetching JDBC Connection from DataSource
2026-05-15 21:30:01 [DEBUG][org.mybatis.spring.transaction.SpringManagedTransaction][openConnection][87]-> JDBC Connection [HikariProxyConnection@1451681327 wrapping com.mysql.cj.jdbc.ConnectionImpl@586cbae0] will not be managed by Spring
2026-05-15 21:30:01 [DEBUG][com.easypan.mappers.FileInfoMapper.selectList][debug][159]-> ==>  Preparing: SELECT file_id ,user_id,file_md5,file_pid,file_size, file_name,file_cover,file_path,create_time,last_update_time, folder_type,file_category,file_type,status,recovery_time, del_flag FROM file_info f WHERE del_flag = ? and recovery_time< date_sub(now(),interval 10 day) 
2026-05-15 21:30:01 [DEBUG][com.easypan.mappers.FileInfoMapper.selectList][debug][159]-> ==> Parameters: 1(Integer)
2026-05-15 21:30:01 [DEBUG][com.easypan.mappers.FileInfoMapper.selectList][debug][159]-> <==      Total: 0
2026-05-15 21:30:01 [DEBUG][org.mybatis.spring.SqlSessionUtils][closeSqlSession][191]-> Closing non transactional SqlSession [org.apache.ibatis.session.defaults.DefaultSqlSession@6a80586b]
2026-05-15 21:30:02 [DEBUG][com.zaxxer.hikari.pool.HikariPool][logPoolState][421]-> HikariCPDatasource - Before cleanup stats (total=6, active=1, idle=5, waiting=0)
2026-05-15 21:30:02 [DEBUG][com.zaxxer.hikari.pool.HikariPool][logPoolState][421]-> HikariCPDatasource - After cleanup  stats (total=6, active=1, idle=5, waiting=0)
2026-05-15 21:30:02 [DEBUG][com.zaxxer.hikari.pool.HikariPool][fillPool][518]-> HikariCPDatasource - Fill pool skipped, pool is at sufficient level.
2026-05-15 21:30:32 [DEBUG][com.zaxxer.hikari.pool.HikariPool][logPoolState][421]-> HikariCPDatasource - Before cleanup stats (total=6, active=1, idle=5, waiting=0)
2026-05-15 21:30:32 [DEBUG][com.zaxxer.hikari.pool.HikariPool][logPoolState][421]-> HikariCPDatasource - After cleanup  stats (total=6, active=1, idle=5, waiting=0)
2026-05-15 21:30:32 [DEBUG][com.zaxxer.hikari.pool.HikariPool][fillPool][518]-> HikariCPDatasource - Fill pool skipped, pool is at sufficient level.
2026-05-15 21:31:02 [DEBUG][com.zaxxer.hikari.pool.HikariPool][logPoolState][421]-> HikariCPDatasource - Before cleanup stats (total=6, active=1, idle=5, waiting=0)
2026-05-15 21:31:02 [DEBUG][com.zaxxer.hikari.pool.HikariPool][logPoolState][421]-> HikariCPDatasource - After cleanup  stats (total=6, active=1, idle=5, waiting=0)
2026-05-15 21:31:02 [DEBUG][com.zaxxer.hikari.pool.HikariPool][fillPool][518]-> HikariCPDatasource - Fill pool skipped, pool is at sufficient level.
2026-05-15 21:31:32 [DEBUG][com.zaxxer.hikari.pool.HikariPool][logPoolState][421]-> HikariCPDatasource - Before cleanup stats (total=6, active=1, idle=5, waiting=0)
2026-05-15 21:31:32 [DEBUG][com.zaxxer.hikari.pool.HikariPool][logPoolState][421]-> HikariCPDatasource - After cleanup  stats (total=6, active=1, idle=5, waiting=0)
2026-05-15 21:31:32 [DEBUG][com.zaxxer.hikari.pool.HikariPool][fillPool][518]-> HikariCPDatasource - Fill pool skipped, pool is at sufficient level.
2026-05-15 21:32:02 [DEBUG][com.zaxxer.hikari.pool.HikariPool][logPoolState][421]-> HikariCPDatasource - Before cleanup stats (total=6, active=1, idle=5, waiting=0)
2026-05-15 21:32:02 [DEBUG][com.zaxxer.hikari.pool.HikariPool][logPoolState][421]-> HikariCPDatasource - After cleanup  stats (total=6, active=1, idle=5, waiting=0)
2026-05-15 21:32:02 [DEBUG][com.zaxxer.hikari.pool.HikariPool][fillPool][518]-> HikariCPDatasource - Fill pool skipped, pool is at sufficient level.
2026-05-15 21:32:32 [DEBUG][com.zaxxer.hikari.pool.HikariPool][logPoolState][421]-> HikariCPDatasource - Before cleanup stats (total=6, active=1, idle=5, waiting=0)
2026-05-15 21:32:32 [DEBUG][com.zaxxer.hikari.pool.HikariPool][logPoolState][421]-> HikariCPDatasource - After cleanup  stats (total=6, active=1, idle=5, waiting=0)
2026-05-15 21:32:32 [DEBUG][com.zaxxer.hikari.pool.HikariPool][fillPool][518]-> HikariCPDatasource - Fill pool skipped, pool is at sufficient level.
2026-05-15 21:33:01 [DEBUG][org.mybatis.spring.SqlSessionUtils][getSqlSession][97]-> Creating a new SqlSession
2026-05-15 21:33:01 [DEBUG][org.mybatis.spring.SqlSessionUtils][registerSessionHolder][148]-> SqlSession [org.apache.ibatis.session.defaults.DefaultSqlSession@2f155d22] was not registered for synchronization because synchronization is not active
2026-05-15 21:33:01 [DEBUG][org.springframework.jdbc.datasource.DataSourceUtils][doGetConnection][116]-> Fetching JDBC Connection from DataSource
2026-05-15 21:33:01 [DEBUG][org.mybatis.spring.transaction.SpringManagedTransaction][openConnection][87]-> JDBC Connection [HikariProxyConnection@1565732314 wrapping com.mysql.cj.jdbc.ConnectionImpl@586cbae0] will not be managed by Spring
2026-05-15 21:33:01 [DEBUG][com.easypan.mappers.FileInfoMapper.selectList][debug][159]-> ==>  Preparing: SELECT file_id ,user_id,file_md5,file_pid,file_size, file_name,file_cover,file_path,create_time,last_update_time, folder_type,file_category,file_type,status,recovery_time, del_flag FROM file_info f WHERE del_flag = ? and recovery_time< date_sub(now(),interval 10 day) 
2026-05-15 21:33:01 [DEBUG][com.easypan.mappers.FileInfoMapper.selectList][debug][159]-> ==> Parameters: 1(Integer)
2026-05-15 21:33:01 [DEBUG][com.easypan.mappers.FileInfoMapper.selectList][debug][159]-> <==      Total: 0
2026-05-15 21:33:01 [DEBUG][org.mybatis.spring.SqlSessionUtils][closeSqlSession][191]-> Closing non transactional SqlSession [org.apache.ibatis.session.defaults.DefaultSqlSession@2f155d22]
2026-05-15 21:33:02 [DEBUG][com.zaxxer.hikari.pool.HikariPool][logPoolState][421]-> HikariCPDatasource - Before cleanup stats (total=6, active=1, idle=5, waiting=0)
2026-05-15 21:33:02 [DEBUG][com.zaxxer.hikari.pool.HikariPool][logPoolState][421]-> HikariCPDatasource - After cleanup  stats (total=6, active=1, idle=5, waiting=0)
2026-05-15 21:33:02 [DEBUG][com.zaxxer.hikari.pool.HikariPool][fillPool][518]-> HikariCPDatasource - Fill pool skipped, pool is at sufficient level.
2026-05-15 21:33:24 [DEBUG][com.zaxxer.hikari.pool.PoolBase][quietlyCloseConnection][134]-> HikariCPDatasource - Closing connection com.mysql.cj.jdbc.ConnectionImpl@586cbae0: (connection has passed maxLifetime)
2026-05-15 21:33:24 [DEBUG][com.zaxxer.hikari.pool.HikariPool][call][729]-> HikariCPDatasource - Added connection com.mysql.cj.jdbc.ConnectionImpl@66541b91
2026-05-15 21:33:32 [DEBUG][com.zaxxer.hikari.pool.HikariPool][logPoolState][421]-> HikariCPDatasource - Before cleanup stats (total=6, active=1, idle=5, waiting=0)
2026-05-15 21:33:32 [DEBUG][com.zaxxer.hikari.pool.HikariPool][logPoolState][421]-> HikariCPDatasource - After cleanup  stats (total=6, active=1, idle=5, waiting=0)
2026-05-15 21:33:32 [DEBUG][com.zaxxer.hikari.pool.HikariPool][fillPool][518]-> HikariCPDatasource - Fill pool skipped, pool is at sufficient level.
2026-05-15 21:33:45 [DEBUG][com.zaxxer.hikari.pool.PoolBase][quietlyCloseConnection][134]-> HikariCPDatasource - Closing connection com.mysql.cj.jdbc.ConnectionImpl@7cd38763: (connection has passed maxLifetime)
2026-05-15 21:33:45 [DEBUG][com.zaxxer.hikari.pool.HikariPool][call][729]-> HikariCPDatasource - Added connection com.mysql.cj.jdbc.ConnectionImpl@675d879d
2026-05-15 21:34:00 [DEBUG][com.zaxxer.hikari.pool.PoolBase][quietlyCloseConnection][134]-> HikariCPDatasource - Closing connection com.mysql.cj.jdbc.ConnectionImpl@3dee8d58: (connection has passed maxLifetime)
2026-05-15 21:34:00 [DEBUG][com.zaxxer.hikari.pool.HikariPool][call][729]-> HikariCPDatasource - Added connection com.mysql.cj.jdbc.ConnectionImpl@ad10152
2026-05-15 21:34:02 [DEBUG][com.zaxxer.hikari.pool.HikariPool][logPoolState][421]-> HikariCPDatasource - Before cleanup stats (total=6, active=1, idle=5, waiting=0)
2026-05-15 21:34:02 [DEBUG][com.zaxxer.hikari.pool.HikariPool][logPoolState][421]-> HikariCPDatasource - After cleanup  stats (total=6, active=1, idle=5, waiting=0)
2026-05-15 21:34:02 [DEBUG][com.zaxxer.hikari.pool.HikariPool][fillPool][518]-> HikariCPDatasource - Fill pool skipped, pool is at sufficient level.
2026-05-15 21:34:16 [DEBUG][com.zaxxer.hikari.pool.PoolBase][quietlyCloseConnection][134]-> HikariCPDatasource - Closing connection com.mysql.cj.jdbc.ConnectionImpl@c4a71c5: (connection has passed maxLifetime)
2026-05-15 21:34:16 [DEBUG][com.zaxxer.hikari.pool.HikariPool][call][729]-> HikariCPDatasource - Added connection com.mysql.cj.jdbc.ConnectionImpl@6517e30d
2026-05-15 21:34:27 [DEBUG][com.zaxxer.hikari.pool.PoolBase][quietlyCloseConnection][134]-> HikariCPDatasource - Closing connection com.mysql.cj.jdbc.ConnectionImpl@2420616a: (connection has passed maxLifetime)
2026-05-15 21:34:27 [DEBUG][com.zaxxer.hikari.pool.HikariPool][call][729]-> HikariCPDatasource - Added connection com.mysql.cj.jdbc.ConnectionImpl@68b899d0
2026-05-15 21:34:32 [DEBUG][com.zaxxer.hikari.pool.HikariPool][logPoolState][421]-> HikariCPDatasource - Before cleanup stats (total=6, active=1, idle=5, waiting=0)
2026-05-15 21:34:32 [DEBUG][com.zaxxer.hikari.pool.HikariPool][logPoolState][421]-> HikariCPDatasource - After cleanup  stats (total=6, active=1, idle=5, waiting=0)
2026-05-15 21:34:32 [DEBUG][com.zaxxer.hikari.pool.HikariPool][fillPool][518]-> HikariCPDatasource - Fill pool skipped, pool is at sufficient level.
2026-05-15 21:35:02 [DEBUG][com.zaxxer.hikari.pool.HikariPool][logPoolState][421]-> HikariCPDatasource - Before cleanup stats (total=6, active=1, idle=5, waiting=0)
2026-05-15 21:35:02 [DEBUG][com.zaxxer.hikari.pool.HikariPool][logPoolState][421]-> HikariCPDatasource - After cleanup  stats (total=6, active=1, idle=5, waiting=0)
2026-05-15 21:35:02 [DEBUG][com.zaxxer.hikari.pool.HikariPool][fillPool][518]-> HikariCPDatasource - Fill pool skipped, pool is at sufficient level.
2026-05-15 21:35:32 [DEBUG][com.zaxxer.hikari.pool.HikariPool][logPoolState][421]-> HikariCPDatasource - Before cleanup stats (total=6, active=1, idle=5, waiting=0)
2026-05-15 21:35:32 [DEBUG][com.zaxxer.hikari.pool.HikariPool][logPoolState][421]-> HikariCPDatasource - After cleanup  stats (total=6, active=1, idle=5, waiting=0)
2026-05-15 21:35:32 [DEBUG][com.zaxxer.hikari.pool.HikariPool][fillPool][518]-> HikariCPDatasource - Fill pool skipped, pool is at sufficient level.
2026-05-15 21:36:01 [DEBUG][org.mybatis.spring.SqlSessionUtils][getSqlSession][97]-> Creating a new SqlSession
2026-05-15 21:36:01 [DEBUG][org.mybatis.spring.SqlSessionUtils][registerSessionHolder][148]-> SqlSession [org.apache.ibatis.session.defaults.DefaultSqlSession@6f16679a] was not registered for synchronization because synchronization is not active
2026-05-15 21:36:01 [DEBUG][org.springframework.jdbc.datasource.DataSourceUtils][doGetConnection][116]-> Fetching JDBC Connection from DataSource
2026-05-15 21:36:01 [DEBUG][org.mybatis.spring.transaction.SpringManagedTransaction][openConnection][87]-> JDBC Connection [HikariProxyConnection@1063380108 wrapping com.mysql.cj.jdbc.ConnectionImpl@66541b91] will not be managed by Spring
2026-05-15 21:36:01 [DEBUG][com.easypan.mappers.FileInfoMapper.selectList][debug][159]-> ==>  Preparing: SELECT file_id ,user_id,file_md5,file_pid,file_size, file_name,file_cover,file_path,create_time,last_update_time, folder_type,file_category,file_type,status,recovery_time, del_flag FROM file_info f WHERE del_flag = ? and recovery_time< date_sub(now(),interval 10 day) 
2026-05-15 21:36:01 [DEBUG][com.easypan.mappers.FileInfoMapper.selectList][debug][159]-> ==> Parameters: 1(Integer)
2026-05-15 21:36:01 [DEBUG][com.easypan.mappers.FileInfoMapper.selectList][debug][159]-> <==      Total: 0
2026-05-15 21:36:01 [DEBUG][org.mybatis.spring.SqlSessionUtils][closeSqlSession][191]-> Closing non transactional SqlSession [org.apache.ibatis.session.defaults.DefaultSqlSession@6f16679a]
2026-05-15 21:36:02 [DEBUG][com.zaxxer.hikari.pool.HikariPool][logPoolState][421]-> HikariCPDatasource - Before cleanup stats (total=6, active=1, idle=5, waiting=0)
2026-05-15 21:36:02 [DEBUG][com.zaxxer.hikari.pool.HikariPool][logPoolState][421]-> HikariCPDatasource - After cleanup  stats (total=6, active=1, idle=5, waiting=0)
2026-05-15 21:36:02 [DEBUG][com.zaxxer.hikari.pool.HikariPool][fillPool][518]-> HikariCPDatasource - Fill pool skipped, pool is at sufficient level.
2026-05-15 21:36:32 [DEBUG][com.zaxxer.hikari.pool.HikariPool][logPoolState][421]-> HikariCPDatasource - Before cleanup stats (total=6, active=1, idle=5, waiting=0)
2026-05-15 21:36:32 [DEBUG][com.zaxxer.hikari.pool.HikariPool][logPoolState][421]-> HikariCPDatasource - After cleanup  stats (total=6, active=1, idle=5, waiting=0)
2026-05-15 21:36:32 [DEBUG][com.zaxxer.hikari.pool.HikariPool][fillPool][518]-> HikariCPDatasource - Fill pool skipped, pool is at sufficient level.
2026-05-15 21:37:02 [DEBUG][com.zaxxer.hikari.pool.HikariPool][logPoolState][421]-> HikariCPDatasource - Before cleanup stats (total=6, active=1, idle=5, waiting=0)
2026-05-15 21:37:02 [DEBUG][com.zaxxer.hikari.pool.HikariPool][logPoolState][421]-> HikariCPDatasource - After cleanup  stats (total=6, active=1, idle=5, waiting=0)
2026-05-15 21:37:02 [DEBUG][com.zaxxer.hikari.pool.HikariPool][fillPool][518]-> HikariCPDatasource - Fill pool skipped, pool is at sufficient level.
2026-05-15 21:37:32 [DEBUG][com.zaxxer.hikari.pool.HikariPool][logPoolState][421]-> HikariCPDatasource - Before cleanup stats (total=6, active=1, idle=5, waiting=0)
2026-05-15 21:37:32 [DEBUG][com.zaxxer.hikari.pool.HikariPool][logPoolState][421]-> HikariCPDatasource - After cleanup  stats (total=6, active=1, idle=5, waiting=0)
2026-05-15 21:37:32 [DEBUG][com.zaxxer.hikari.pool.HikariPool][fillPool][518]-> HikariCPDatasource - Fill pool skipped, pool is at sufficient level.
2026-05-15 21:38:02 [DEBUG][com.zaxxer.hikari.pool.HikariPool][logPoolState][421]-> HikariCPDatasource - Before cleanup stats (total=6, active=1, idle=5, waiting=0)
2026-05-15 21:38:02 [DEBUG][com.zaxxer.hikari.pool.HikariPool][logPoolState][421]-> HikariCPDatasource - After cleanup  stats (total=6, active=1, idle=5, waiting=0)
2026-05-15 21:38:02 [DEBUG][com.zaxxer.hikari.pool.HikariPool][fillPool][518]-> HikariCPDatasource - Fill pool skipped, pool is at sufficient level.
2026-05-15 21:38:32 [DEBUG][com.zaxxer.hikari.pool.HikariPool][logPoolState][421]-> HikariCPDatasource - Before cleanup stats (total=6, active=1, idle=5, waiting=0)
2026-05-15 21:38:32 [DEBUG][com.zaxxer.hikari.pool.HikariPool][logPoolState][421]-> HikariCPDatasource - After cleanup  stats (total=6, active=1, idle=5, waiting=0)
2026-05-15 21:38:32 [DEBUG][com.zaxxer.hikari.pool.HikariPool][fillPool][518]-> HikariCPDatasource - Fill pool skipped, pool is at sufficient level.
2026-05-15 21:39:01 [DEBUG][org.mybatis.spring.SqlSessionUtils][getSqlSession][97]-> Creating a new SqlSession
2026-05-15 21:39:01 [DEBUG][org.mybatis.spring.SqlSessionUtils][registerSessionHolder][148]-> SqlSession [org.apache.ibatis.session.defaults.DefaultSqlSession@77b1d296] was not registered for synchronization because synchronization is not active
2026-05-15 21:39:01 [DEBUG][org.springframework.jdbc.datasource.DataSourceUtils][doGetConnection][116]-> Fetching JDBC Connection from DataSource
2026-05-15 21:39:01 [DEBUG][org.mybatis.spring.transaction.SpringManagedTransaction][openConnection][87]-> JDBC Connection [HikariProxyConnection@2109254002 wrapping com.mysql.cj.jdbc.ConnectionImpl@66541b91] will not be managed by Spring
2026-05-15 21:39:01 [DEBUG][com.easypan.mappers.FileInfoMapper.selectList][debug][159]-> ==>  Preparing: SELECT file_id ,user_id,file_md5,file_pid,file_size, file_name,file_cover,file_path,create_time,last_update_time, folder_type,file_category,file_type,status,recovery_time, del_flag FROM file_info f WHERE del_flag = ? and recovery_time< date_sub(now(),interval 10 day) 
2026-05-15 21:39:01 [DEBUG][com.easypan.mappers.FileInfoMapper.selectList][debug][159]-> ==> Parameters: 1(Integer)
2026-05-15 21:39:01 [DEBUG][com.easypan.mappers.FileInfoMapper.selectList][debug][159]-> <==      Total: 0
2026-05-15 21:39:01 [DEBUG][org.mybatis.spring.SqlSessionUtils][closeSqlSession][191]-> Closing non transactional SqlSession [org.apache.ibatis.session.defaults.DefaultSqlSession@77b1d296]
2026-05-15 21:39:02 [DEBUG][com.zaxxer.hikari.pool.HikariPool][logPoolState][421]-> HikariCPDatasource - Before cleanup stats (total=6, active=1, idle=5, waiting=0)
2026-05-15 21:39:02 [DEBUG][com.zaxxer.hikari.pool.HikariPool][logPoolState][421]-> HikariCPDatasource - After cleanup  stats (total=6, active=1, idle=5, waiting=0)
2026-05-15 21:39:02 [DEBUG][com.zaxxer.hikari.pool.HikariPool][fillPool][518]-> HikariCPDatasource - Fill pool skipped, pool is at sufficient level.
2026-05-15 21:39:32 [DEBUG][com.zaxxer.hikari.pool.HikariPool][logPoolState][421]-> HikariCPDatasource - Before cleanup stats (total=6, active=1, idle=5, waiting=0)
2026-05-15 21:39:32 [DEBUG][com.zaxxer.hikari.pool.HikariPool][logPoolState][421]-> HikariCPDatasource - After cleanup  stats (total=6, active=1, idle=5, waiting=0)
2026-05-15 21:39:32 [DEBUG][com.zaxxer.hikari.pool.HikariPool][fillPool][518]-> HikariCPDatasource - Fill pool skipped, pool is at sufficient level.
2026-05-15 21:40:02 [DEBUG][com.zaxxer.hikari.pool.HikariPool][logPoolState][421]-> HikariCPDatasource - Before cleanup stats (total=6, active=1, idle=5, waiting=0)
2026-05-15 21:40:02 [DEBUG][com.zaxxer.hikari.pool.HikariPool][logPoolState][421]-> HikariCPDatasource - After cleanup  stats (total=6, active=1, idle=5, waiting=0)
2026-05-15 21:40:02 [DEBUG][com.zaxxer.hikari.pool.HikariPool][fillPool][518]-> HikariCPDatasource - Fill pool skipped, pool is at sufficient level.
2026-05-15 21:40:32 [DEBUG][com.zaxxer.hikari.pool.HikariPool][logPoolState][421]-> HikariCPDatasource - Before cleanup stats (total=6, active=1, idle=5, waiting=0)
2026-05-15 21:40:32 [DEBUG][com.zaxxer.hikari.pool.HikariPool][logPoolState][421]-> HikariCPDatasource - After cleanup  stats (total=6, active=1, idle=5, waiting=0)
2026-05-15 21:40:32 [DEBUG][com.zaxxer.hikari.pool.HikariPool][fillPool][518]-> HikariCPDatasource - Fill pool skipped, pool is at sufficient level.
2026-05-15 21:41:02 [DEBUG][com.zaxxer.hikari.pool.HikariPool][logPoolState][421]-> HikariCPDatasource - Before cleanup stats (total=6, active=1, idle=5, waiting=0)
2026-05-15 21:41:02 [DEBUG][com.zaxxer.hikari.pool.HikariPool][logPoolState][421]-> HikariCPDatasource - After cleanup  stats (total=6, active=1, idle=5, waiting=0)
2026-05-15 21:41:02 [DEBUG][com.zaxxer.hikari.pool.HikariPool][fillPool][518]-> HikariCPDatasource - Fill pool skipped, pool is at sufficient level.
2026-05-15 21:41:32 [DEBUG][com.zaxxer.hikari.pool.HikariPool][logPoolState][421]-> HikariCPDatasource - Before cleanup stats (total=6, active=1, idle=5, waiting=0)
2026-05-15 21:41:32 [DEBUG][com.zaxxer.hikari.pool.HikariPool][logPoolState][421]-> HikariCPDatasource - After cleanup  stats (total=6, active=1, idle=5, waiting=0)
2026-05-15 21:41:32 [DEBUG][com.zaxxer.hikari.pool.HikariPool][fillPool][518]-> HikariCPDatasource - Fill pool skipped, pool is at sufficient level.
2026-05-15 21:42:01 [DEBUG][org.mybatis.spring.SqlSessionUtils][getSqlSession][97]-> Creating a new SqlSession
2026-05-15 21:42:01 [DEBUG][org.mybatis.spring.SqlSessionUtils][registerSessionHolder][148]-> SqlSession [org.apache.ibatis.session.defaults.DefaultSqlSession@1564af37] was not registered for synchronization because synchronization is not active
2026-05-15 21:42:01 [DEBUG][org.springframework.jdbc.datasource.DataSourceUtils][doGetConnection][116]-> Fetching JDBC Connection from DataSource
2026-05-15 21:42:01 [DEBUG][org.mybatis.spring.transaction.SpringManagedTransaction][openConnection][87]-> JDBC Connection [HikariProxyConnection@189422474 wrapping com.mysql.cj.jdbc.ConnectionImpl@66541b91] will not be managed by Spring
2026-05-15 21:42:01 [DEBUG][com.easypan.mappers.FileInfoMapper.selectList][debug][159]-> ==>  Preparing: SELECT file_id ,user_id,file_md5,file_pid,file_size, file_name,file_cover,file_path,create_time,last_update_time, folder_type,file_category,file_type,status,recovery_time, del_flag FROM file_info f WHERE del_flag = ? and recovery_time< date_sub(now(),interval 10 day) 
2026-05-15 21:42:01 [DEBUG][com.easypan.mappers.FileInfoMapper.selectList][debug][159]-> ==> Parameters: 1(Integer)
2026-05-15 21:42:01 [DEBUG][com.easypan.mappers.FileInfoMapper.selectList][debug][159]-> <==      Total: 0
2026-05-15 21:42:01 [DEBUG][org.mybatis.spring.SqlSessionUtils][closeSqlSession][191]-> Closing non transactional SqlSession [org.apache.ibatis.session.defaults.DefaultSqlSession@1564af37]
2026-05-15 21:42:02 [DEBUG][com.zaxxer.hikari.pool.HikariPool][logPoolState][421]-> HikariCPDatasource - Before cleanup stats (total=6, active=1, idle=5, waiting=0)
2026-05-15 21:42:02 [DEBUG][com.zaxxer.hikari.pool.HikariPool][logPoolState][421]-> HikariCPDatasource - After cleanup  stats (total=6, active=1, idle=5, waiting=0)
2026-05-15 21:42:02 [DEBUG][com.zaxxer.hikari.pool.HikariPool][fillPool][518]-> HikariCPDatasource - Fill pool skipped, pool is at sufficient level.
2026-05-15 21:42:32 [DEBUG][com.zaxxer.hikari.pool.HikariPool][logPoolState][421]-> HikariCPDatasource - Before cleanup stats (total=6, active=1, idle=5, waiting=0)
2026-05-15 21:42:32 [DEBUG][com.zaxxer.hikari.pool.HikariPool][logPoolState][421]-> HikariCPDatasource - After cleanup  stats (total=6, active=1, idle=5, waiting=0)
2026-05-15 21:42:32 [DEBUG][com.zaxxer.hikari.pool.HikariPool][fillPool][518]-> HikariCPDatasource - Fill pool skipped, pool is at sufficient level.
2026-05-15 21:43:02 [DEBUG][com.zaxxer.hikari.pool.HikariPool][logPoolState][421]-> HikariCPDatasource - Before cleanup stats (total=6, active=1, idle=5, waiting=0)
2026-05-15 21:43:02 [DEBUG][com.zaxxer.hikari.pool.HikariPool][logPoolState][421]-> HikariCPDatasource - After cleanup  stats (total=6, active=1, idle=5, waiting=0)
2026-05-15 21:43:02 [DEBUG][com.zaxxer.hikari.pool.HikariPool][fillPool][518]-> HikariCPDatasource - Fill pool skipped, pool is at sufficient level.
2026-05-15 21:43:32 [DEBUG][com.zaxxer.hikari.pool.HikariPool][logPoolState][421]-> HikariCPDatasource - Before cleanup stats (total=6, active=1, idle=5, waiting=0)
2026-05-15 21:43:32 [DEBUG][com.zaxxer.hikari.pool.HikariPool][logPoolState][421]-> HikariCPDatasource - After cleanup  stats (total=6, active=1, idle=5, waiting=0)
2026-05-15 21:43:32 [DEBUG][com.zaxxer.hikari.pool.HikariPool][fillPool][518]-> HikariCPDatasource - Fill pool skipped, pool is at sufficient level.
2026-05-15 21:44:02 [DEBUG][com.zaxxer.hikari.pool.HikariPool][logPoolState][421]-> HikariCPDatasource - Before cleanup stats (total=6, active=1, idle=5, waiting=0)
2026-05-15 21:44:02 [DEBUG][com.zaxxer.hikari.pool.HikariPool][logPoolState][421]-> HikariCPDatasource - After cleanup  stats (total=6, active=1, idle=5, waiting=0)
2026-05-15 21:44:02 [DEBUG][com.zaxxer.hikari.pool.HikariPool][fillPool][518]-> HikariCPDatasource - Fill pool skipped, pool is at sufficient level.
2026-05-15 21:44:32 [DEBUG][com.zaxxer.hikari.pool.HikariPool][logPoolState][421]-> HikariCPDatasource - Before cleanup stats (total=6, active=1, idle=5, waiting=0)
2026-05-15 21:44:32 [DEBUG][com.zaxxer.hikari.pool.HikariPool][logPoolState][421]-> HikariCPDatasource - After cleanup  stats (total=6, active=1, idle=5, waiting=0)
2026-05-15 21:44:32 [DEBUG][com.zaxxer.hikari.pool.HikariPool][fillPool][518]-> HikariCPDatasource - Fill pool skipped, pool is at sufficient level.
2026-05-15 21:45:01 [DEBUG][org.mybatis.spring.SqlSessionUtils][getSqlSession][97]-> Creating a new SqlSession
2026-05-15 21:45:01 [DEBUG][org.mybatis.spring.SqlSessionUtils][registerSessionHolder][148]-> SqlSession [org.apache.ibatis.session.defaults.DefaultSqlSession@105e134c] was not registered for synchronization because synchronization is not active
2026-05-15 21:45:01 [DEBUG][org.springframework.jdbc.datasource.DataSourceUtils][doGetConnection][116]-> Fetching JDBC Connection from DataSource
2026-05-15 21:45:01 [DEBUG][org.mybatis.spring.transaction.SpringManagedTransaction][openConnection][87]-> JDBC Connection [HikariProxyConnection@1989323267 wrapping com.mysql.cj.jdbc.ConnectionImpl@66541b91] will not be managed by Spring
2026-05-15 21:45:01 [DEBUG][com.easypan.mappers.FileInfoMapper.selectList][debug][159]-> ==>  Preparing: SELECT file_id ,user_id,file_md5,file_pid,file_size, file_name,file_cover,file_path,create_time,last_update_time, folder_type,file_category,file_type,status,recovery_time, del_flag FROM file_info f WHERE del_flag = ? and recovery_time< date_sub(now(),interval 10 day) 
2026-05-15 21:45:01 [DEBUG][com.easypan.mappers.FileInfoMapper.selectList][debug][159]-> ==> Parameters: 1(Integer)
2026-05-15 21:45:01 [DEBUG][com.easypan.mappers.FileInfoMapper.selectList][debug][159]-> <==      Total: 0
2026-05-15 21:45:01 [DEBUG][org.mybatis.spring.SqlSessionUtils][closeSqlSession][191]-> Closing non transactional SqlSession [org.apache.ibatis.session.defaults.DefaultSqlSession@105e134c]
2026-05-15 21:45:02 [DEBUG][com.zaxxer.hikari.pool.HikariPool][logPoolState][421]-> HikariCPDatasource - Before cleanup stats (total=6, active=1, idle=5, waiting=0)
2026-05-15 21:45:02 [DEBUG][com.zaxxer.hikari.pool.HikariPool][logPoolState][421]-> HikariCPDatasource - After cleanup  stats (total=6, active=1, idle=5, waiting=0)
2026-05-15 21:45:02 [DEBUG][com.zaxxer.hikari.pool.HikariPool][fillPool][518]-> HikariCPDatasource - Fill pool skipped, pool is at sufficient level.
2026-05-15 21:45:32 [DEBUG][com.zaxxer.hikari.pool.HikariPool][logPoolState][421]-> HikariCPDatasource - Before cleanup stats (total=6, active=1, idle=5, waiting=0)
2026-05-15 21:45:32 [DEBUG][com.zaxxer.hikari.pool.HikariPool][logPoolState][421]-> HikariCPDatasource - After cleanup  stats (total=6, active=1, idle=5, waiting=0)
2026-05-15 21:45:32 [DEBUG][com.zaxxer.hikari.pool.HikariPool][fillPool][518]-> HikariCPDatasource - Fill pool skipped, pool is at sufficient level.
2026-05-15 21:46:02 [DEBUG][com.zaxxer.hikari.pool.HikariPool][logPoolState][421]-> HikariCPDatasource - Before cleanup stats (total=6, active=1, idle=5, waiting=0)
2026-05-15 21:46:02 [DEBUG][com.zaxxer.hikari.pool.HikariPool][logPoolState][421]-> HikariCPDatasource - After cleanup  stats (total=6, active=1, idle=5, waiting=0)
2026-05-15 21:46:02 [DEBUG][com.zaxxer.hikari.pool.HikariPool][fillPool][518]-> HikariCPDatasource - Fill pool skipped, pool is at sufficient level.
2026-05-15 21:46:32 [DEBUG][com.zaxxer.hikari.pool.HikariPool][logPoolState][421]-> HikariCPDatasource - Before cleanup stats (total=6, active=1, idle=5, waiting=0)
2026-05-15 21:46:32 [DEBUG][com.zaxxer.hikari.pool.HikariPool][logPoolState][421]-> HikariCPDatasource - After cleanup  stats (total=6, active=1, idle=5, waiting=0)
2026-05-15 21:46:32 [DEBUG][com.zaxxer.hikari.pool.HikariPool][fillPool][518]-> HikariCPDatasource - Fill pool skipped, pool is at sufficient level.
2026-05-15 21:47:02 [DEBUG][com.zaxxer.hikari.pool.HikariPool][logPoolState][421]-> HikariCPDatasource - Before cleanup stats (total=6, active=1, idle=5, waiting=0)
2026-05-15 21:47:02 [DEBUG][com.zaxxer.hikari.pool.HikariPool][logPoolState][421]-> HikariCPDatasource - After cleanup  stats (total=6, active=1, idle=5, waiting=0)
2026-05-15 21:47:02 [DEBUG][com.zaxxer.hikari.pool.HikariPool][fillPool][518]-> HikariCPDatasource - Fill pool skipped, pool is at sufficient level.
2026-05-15 21:47:32 [DEBUG][com.zaxxer.hikari.pool.HikariPool][logPoolState][421]-> HikariCPDatasource - Before cleanup stats (total=6, active=1, idle=5, waiting=0)
2026-05-15 21:47:32 [DEBUG][com.zaxxer.hikari.pool.HikariPool][logPoolState][421]-> HikariCPDatasource - After cleanup  stats (total=6, active=1, idle=5, waiting=0)
2026-05-15 21:47:32 [DEBUG][com.zaxxer.hikari.pool.HikariPool][fillPool][518]-> HikariCPDatasource - Fill pool skipped, pool is at sufficient level.
2026-05-15 21:48:01 [DEBUG][org.mybatis.spring.SqlSessionUtils][getSqlSession][97]-> Creating a new SqlSession
2026-05-15 21:48:01 [DEBUG][org.mybatis.spring.SqlSessionUtils][registerSessionHolder][148]-> SqlSession [org.apache.ibatis.session.defaults.DefaultSqlSession@2e161fc7] was not registered for synchronization because synchronization is not active
2026-05-15 21:48:01 [DEBUG][org.springframework.jdbc.datasource.DataSourceUtils][doGetConnection][116]-> Fetching JDBC Connection from DataSource
2026-05-15 21:48:01 [DEBUG][org.mybatis.spring.transaction.SpringManagedTransaction][openConnection][87]-> JDBC Connection [HikariProxyConnection@188728100 wrapping com.mysql.cj.jdbc.ConnectionImpl@66541b91] will not be managed by Spring
2026-05-15 21:48:01 [DEBUG][com.easypan.mappers.FileInfoMapper.selectList][debug][159]-> ==>  Preparing: SELECT file_id ,user_id,file_md5,file_pid,file_size, file_name,file_cover,file_path,create_time,last_update_time, folder_type,file_category,file_type,status,recovery_time, del_flag FROM file_info f WHERE del_flag = ? and recovery_time< date_sub(now(),interval 10 day) 
2026-05-15 21:48:01 [DEBUG][com.easypan.mappers.FileInfoMapper.selectList][debug][159]-> ==> Parameters: 1(Integer)
2026-05-15 21:48:01 [DEBUG][com.easypan.mappers.FileInfoMapper.selectList][debug][159]-> <==      Total: 0
2026-05-15 21:48:01 [DEBUG][org.mybatis.spring.SqlSessionUtils][closeSqlSession][191]-> Closing non transactional SqlSession [org.apache.ibatis.session.defaults.DefaultSqlSession@2e161fc7]
2026-05-15 21:48:02 [DEBUG][com.zaxxer.hikari.pool.HikariPool][logPoolState][421]-> HikariCPDatasource - Before cleanup stats (total=6, active=1, idle=5, waiting=0)
2026-05-15 21:48:02 [DEBUG][com.zaxxer.hikari.pool.HikariPool][logPoolState][421]-> HikariCPDatasource - After cleanup  stats (total=6, active=1, idle=5, waiting=0)
2026-05-15 21:48:02 [DEBUG][com.zaxxer.hikari.pool.HikariPool][fillPool][518]-> HikariCPDatasource - Fill pool skipped, pool is at sufficient level.
2026-05-15 21:48:32 [DEBUG][com.zaxxer.hikari.pool.HikariPool][logPoolState][421]-> HikariCPDatasource - Before cleanup stats (total=6, active=1, idle=5, waiting=0)
2026-05-15 21:48:32 [DEBUG][com.zaxxer.hikari.pool.HikariPool][logPoolState][421]-> HikariCPDatasource - After cleanup  stats (total=6, active=1, idle=5, waiting=0)
2026-05-15 21:48:32 [DEBUG][com.zaxxer.hikari.pool.HikariPool][fillPool][518]-> HikariCPDatasource - Fill pool skipped, pool is at sufficient level.
2026-05-15 21:49:02 [DEBUG][com.zaxxer.hikari.pool.HikariPool][logPoolState][421]-> HikariCPDatasource - Before cleanup stats (total=6, active=1, idle=5, waiting=0)
2026-05-15 21:49:02 [DEBUG][com.zaxxer.hikari.pool.HikariPool][logPoolState][421]-> HikariCPDatasource - After cleanup  stats (total=6, active=1, idle=5, waiting=0)
2026-05-15 21:49:02 [DEBUG][com.zaxxer.hikari.pool.HikariPool][fillPool][518]-> HikariCPDatasource - Fill pool skipped, pool is at sufficient level.
2026-05-15 21:49:32 [DEBUG][com.zaxxer.hikari.pool.HikariPool][logPoolState][421]-> HikariCPDatasource - Before cleanup stats (total=6, active=1, idle=5, waiting=0)
2026-05-15 21:49:32 [DEBUG][com.zaxxer.hikari.pool.HikariPool][logPoolState][421]-> HikariCPDatasource - After cleanup  stats (total=6, active=1, idle=5, waiting=0)
2026-05-15 21:49:32 [DEBUG][com.zaxxer.hikari.pool.HikariPool][fillPool][518]-> HikariCPDatasource - Fill pool skipped, pool is at sufficient level.
2026-05-15 21:50:02 [DEBUG][com.zaxxer.hikari.pool.HikariPool][logPoolState][421]-> HikariCPDatasource - Before cleanup stats (total=6, active=1, idle=5, waiting=0)
2026-05-15 21:50:02 [DEBUG][com.zaxxer.hikari.pool.HikariPool][logPoolState][421]-> HikariCPDatasource - After cleanup  stats (total=6, active=1, idle=5, waiting=0)
2026-05-15 21:50:02 [DEBUG][com.zaxxer.hikari.pool.HikariPool][fillPool][518]-> HikariCPDatasource - Fill pool skipped, pool is at sufficient level.
2026-05-15 21:50:32 [DEBUG][com.zaxxer.hikari.pool.HikariPool][logPoolState][421]-> HikariCPDatasource - Before cleanup stats (total=6, active=1, idle=5, waiting=0)
2026-05-15 21:50:32 [DEBUG][com.zaxxer.hikari.pool.HikariPool][logPoolState][421]-> HikariCPDatasource - After cleanup  stats (total=6, active=1, idle=5, waiting=0)
2026-05-15 21:50:32 [DEBUG][com.zaxxer.hikari.pool.HikariPool][fillPool][518]-> HikariCPDatasource - Fill pool skipped, pool is at sufficient level.
2026-05-15 21:51:01 [DEBUG][org.mybatis.spring.SqlSessionUtils][getSqlSession][97]-> Creating a new SqlSession
2026-05-15 21:51:01 [DEBUG][org.mybatis.spring.SqlSessionUtils][registerSessionHolder][148]-> SqlSession [org.apache.ibatis.session.defaults.DefaultSqlSession@4ea9fdc7] was not registered for synchronization because synchronization is not active
2026-05-15 21:51:01 [DEBUG][org.springframework.jdbc.datasource.DataSourceUtils][doGetConnection][116]-> Fetching JDBC Connection from DataSource
2026-05-15 21:51:01 [DEBUG][org.mybatis.spring.transaction.SpringManagedTransaction][openConnection][87]-> JDBC Connection [HikariProxyConnection@638406566 wrapping com.mysql.cj.jdbc.ConnectionImpl@66541b91] will not be managed by Spring
2026-05-15 21:51:01 [DEBUG][com.easypan.mappers.FileInfoMapper.selectList][debug][159]-> ==>  Preparing: SELECT file_id ,user_id,file_md5,file_pid,file_size, file_name,file_cover,file_path,create_time,last_update_time, folder_type,file_category,file_type,status,recovery_time, del_flag FROM file_info f WHERE del_flag = ? and recovery_time< date_sub(now(),interval 10 day) 
2026-05-15 21:51:01 [DEBUG][com.easypan.mappers.FileInfoMapper.selectList][debug][159]-> ==> Parameters: 1(Integer)
2026-05-15 21:51:01 [DEBUG][com.easypan.mappers.FileInfoMapper.selectList][debug][159]-> <==      Total: 0
2026-05-15 21:51:01 [DEBUG][org.mybatis.spring.SqlSessionUtils][closeSqlSession][191]-> Closing non transactional SqlSession [org.apache.ibatis.session.defaults.DefaultSqlSession@4ea9fdc7]
2026-05-15 21:51:02 [DEBUG][com.zaxxer.hikari.pool.HikariPool][logPoolState][421]-> HikariCPDatasource - Before cleanup stats (total=6, active=1, idle=5, waiting=0)
2026-05-15 21:51:02 [DEBUG][com.zaxxer.hikari.pool.HikariPool][logPoolState][421]-> HikariCPDatasource - After cleanup  stats (total=6, active=1, idle=5, waiting=0)
2026-05-15 21:51:02 [DEBUG][com.zaxxer.hikari.pool.HikariPool][fillPool][518]-> HikariCPDatasource - Fill pool skipped, pool is at sufficient level.
2026-05-15 21:51:32 [DEBUG][com.zaxxer.hikari.pool.HikariPool][logPoolState][421]-> HikariCPDatasource - Before cleanup stats (total=6, active=1, idle=5, waiting=0)
2026-05-15 21:51:32 [DEBUG][com.zaxxer.hikari.pool.HikariPool][logPoolState][421]-> HikariCPDatasource - After cleanup  stats (total=6, active=1, idle=5, waiting=0)
2026-05-15 21:51:32 [DEBUG][com.zaxxer.hikari.pool.HikariPool][fillPool][518]-> HikariCPDatasource - Fill pool skipped, pool is at sufficient level.
2026-05-15 21:52:02 [DEBUG][com.zaxxer.hikari.pool.HikariPool][logPoolState][421]-> HikariCPDatasource - Before cleanup stats (total=6, active=1, idle=5, waiting=0)
2026-05-15 21:52:02 [DEBUG][com.zaxxer.hikari.pool.HikariPool][logPoolState][421]-> HikariCPDatasource - After cleanup  stats (total=6, active=1, idle=5, waiting=0)
2026-05-15 21:52:02 [DEBUG][com.zaxxer.hikari.pool.HikariPool][fillPool][518]-> HikariCPDatasource - Fill pool skipped, pool is at sufficient level.
2026-05-15 21:52:32 [DEBUG][com.zaxxer.hikari.pool.HikariPool][logPoolState][421]-> HikariCPDatasource - Before cleanup stats (total=6, active=1, idle=5, waiting=0)
2026-05-15 21:52:32 [DEBUG][com.zaxxer.hikari.pool.HikariPool][logPoolState][421]-> HikariCPDatasource - After cleanup  stats (total=6, active=1, idle=5, waiting=0)
2026-05-15 21:52:32 [DEBUG][com.zaxxer.hikari.pool.HikariPool][fillPool][518]-> HikariCPDatasource - Fill pool skipped, pool is at sufficient level.
2026-05-15 21:52:53 [DEBUG][org.springframework.boot.availability.ApplicationAvailabilityBean][onApplicationEvent][77]-> Application availability state ReadinessState changed from ACCEPTING_TRAFFIC to REFUSING_TRAFFIC
2026-05-15 21:52:53 [DEBUG][org.springframework.boot.web.servlet.context.AnnotationConfigServletWebServerApplicationContext][doClose][1049]-> Closing org.springframework.boot.web.servlet.context.AnnotationConfigServletWebServerApplicationContext@45d2ade3, started on Fri May 15 19:35:59 CST 2026
2026-05-15 21:52:53 [DEBUG][org.springframework.context.support.DefaultLifecycleProcessor][stop][365]-> Stopping beans in phase 2147483647
2026-05-15 21:52:53 [DEBUG][org.springframework.context.support.DefaultLifecycleProcessor][lambda$doStop$3][238]-> Bean 'webServerGracefulShutdown' completed its stop procedure
2026-05-15 21:52:53 [DEBUG][org.springframework.context.support.DefaultLifecycleProcessor][stop][365]-> Stopping beans in phase 2147483646
2026-05-15 21:52:53 [DEBUG][org.springframework.context.support.DefaultLifecycleProcessor][lambda$doStop$3][238]-> Bean 'webServerStartStop' completed its stop procedure
2026-05-15 21:52:53 [DEBUG][org.springframework.scheduling.concurrent.ThreadPoolTaskScheduler][shutdown][218]-> Shutting down ExecutorService 'taskScheduler'
2026-05-15 21:52:53 [DEBUG][org.springframework.data.redis.listener.RedisMessageListenerContainer][stop][242]-> Stopped RedisMessageListenerContainer
2026-05-15 21:52:53 [DEBUG][org.springframework.scheduling.concurrent.ThreadPoolTaskExecutor][shutdown][218]-> Shutting down ExecutorService 'applicationTaskExecutor'
2026-05-15 21:52:53 [DEBUG][io.lettuce.core.RedisChannelHandler][closeAsync][141]-> closeAsync()
2026-05-15 21:52:53 [DEBUG][io.lettuce.core.protocol.DefaultEndpoint][closeAsync][590]-> [channel=0xa430dec9, /172.27.54.146:54131 -> /8.153.163.139:6379, epid=0x1] closeAsync()
2026-05-15 21:52:53 [DEBUG][io.lettuce.core.AbstractRedisClient][shutdownAsync][539]-> Initiate shutdown (100, 100, MILLISECONDS)
2026-05-15 21:52:53 [DEBUG][io.lettuce.core.protocol.CommandHandler][channelInactive][344]-> [channel=0xa430dec9, /172.27.54.146:54131 -> /8.153.163.139:6379, epid=0x1, chid=0x1] channelInactive()
2026-05-15 21:52:53 [DEBUG][io.lettuce.core.protocol.DefaultEndpoint][lambda$notifyChannelInactive$3][504]-> [channel=0xa430dec9, /172.27.54.146:54131 -> /8.153.163.139:6379, epid=0x1] deactivating endpoint handler
2026-05-15 21:52:53 [DEBUG][io.lettuce.core.resource.DefaultEventLoopGroupProvider][doRelease][281]-> Release executor io.netty.channel.nio.NioEventLoopGroup@321c2a7
2026-05-15 21:52:53 [DEBUG][io.lettuce.core.protocol.CommandHandler][channelInactive][368]-> [channel=0xa430dec9, /172.27.54.146:54131 -> /8.153.163.139:6379, epid=0x1, chid=0x1] channelInactive() done
2026-05-15 21:52:53 [DEBUG][io.lettuce.core.protocol.ConnectionWatchdog][channelInactive][196]-> [channel=0xa430dec9, /172.27.54.146:54131 -> /8.153.163.139:6379, last known addr=/8.153.163.139:6379] channelInactive()
2026-05-15 21:52:53 [DEBUG][io.lettuce.core.protocol.ConnectionWatchdog][channelInactive][207]-> [channel=0xa430dec9, /172.27.54.146:54131 -> /8.153.163.139:6379, last known addr=/8.153.163.139:6379] Reconnect scheduling disabled
2026-05-15 21:52:53 [DEBUG][io.lettuce.core.protocol.CommandHandler][channelUnregistered][227]-> [channel=0xa430dec9, /172.27.54.146:54131 -> /8.153.163.139:6379, epid=0x1, chid=0x1] channelUnregistered()
2026-05-15 21:52:53 [DEBUG][io.netty.buffer.PoolThreadCache][free][224]-> Freed 6 thread-local buffer(s) from thread: lettuce-nioEventLoop-4-1
2026-05-15 21:52:53 [DEBUG][io.lettuce.core.resource.DefaultClientResources][shutdown][710]-> Initiate shutdown (0, 2, SECONDS)
2026-05-15 21:52:53 [DEBUG][io.lettuce.core.resource.DefaultEventLoopGroupProvider][shutdown][317]-> Initiate shutdown (0, 2, SECONDS)
2026-05-15 21:52:53 [INFO][com.zaxxer.hikari.HikariDataSource][close][350]-> HikariCPDatasource - Shutdown initiated...
2026-05-15 21:52:53 [DEBUG][com.zaxxer.hikari.pool.HikariPool][logPoolState][421]-> HikariCPDatasource - Before shutdown stats (total=6, active=1, idle=5, waiting=0)
2026-05-15 21:52:53 [DEBUG][com.zaxxer.hikari.pool.PoolBase][quietlyCloseConnection][134]-> HikariCPDatasource - Closing connection com.mysql.cj.jdbc.ConnectionImpl@66541b91: (connection evicted)
2026-05-15 21:52:53 [DEBUG][com.zaxxer.hikari.pool.PoolBase][quietlyCloseConnection][134]-> HikariCPDatasource - Closing connection com.mysql.cj.jdbc.ConnectionImpl@675d879d: (connection evicted)
2026-05-15 21:52:53 [DEBUG][com.zaxxer.hikari.pool.PoolBase][quietlyCloseConnection][134]-> HikariCPDatasource - Closing connection com.mysql.cj.jdbc.ConnectionImpl@ad10152: (connection evicted)
2026-05-15 21:52:53 [DEBUG][com.zaxxer.hikari.pool.PoolBase][quietlyCloseConnection][134]-> HikariCPDatasource - Closing connection com.mysql.cj.jdbc.ConnectionImpl@6517e30d: (connection evicted)
2026-05-15 21:52:53 [DEBUG][com.zaxxer.hikari.pool.PoolBase][quietlyCloseConnection][134]-> HikariCPDatasource - Closing connection com.mysql.cj.jdbc.ConnectionImpl@68b899d0: (connection evicted)
2026-05-15 21:52:53 [DEBUG][com.zaxxer.hikari.pool.HikariPool][logPoolState][421]-> HikariCPDatasource - After shutdown stats (total=0, active=0, idle=0, waiting=0)
2026-05-15 21:52:53 [INFO][com.zaxxer.hikari.HikariDataSource][close][352]-> HikariCPDatasource - Shutdown completed.
